[     949ms] [INFO] %cDownload the React DevTools for a better development experience: https://react.dev/link/react-devtools font-weight:bold @ http://localhost:4181/node_modules/.vite/deps/react-dom_client.js?v=552769e4:20102
[  145410ms] [LOG] [vite] server connection lost. Polling for restart... @ http://localhost:4181/@vite/client:864
[  149971ms] [ERROR] Failed to load resource: net::ERR_CONNECTION_REFUSED @ http://localhost:4181/api/live/matches/2026-033-netherlands-vs-sweden/snapshot?force_refresh=true:0
[  159975ms] [ERROR] Failed to load resource: net::ERR_CONNECTION_REFUSED @ http://localhost:4181/api/live/matches/2026-033-netherlands-vs-sweden/snapshot?force_refresh=true:0
[  169978ms] [ERROR] Failed to load resource: net::ERR_CONNECTION_REFUSED @ http://localhost:4181/api/live/matches/2026-033-netherlands-vs-sweden/snapshot?force_refresh=true:0
[  179981ms] [ERROR] Failed to load resource: net::ERR_CONNECTION_REFUSED @ http://localhost:4181/api/live/matches/2026-033-netherlands-vs-sweden/snapshot?force_refresh=true:0
[  189984ms] [ERROR] Failed to load resource: net::ERR_CONNECTION_REFUSED @ http://localhost:4181/api/live/matches/2026-033-netherlands-vs-sweden/snapshot?force_refresh=true:0
[  199987ms] [ERROR] Failed to load resource: net::ERR_CONNECTION_REFUSED @ http://localhost:4181/api/live/matches/2026-033-netherlands-vs-sweden/snapshot?force_refresh=true:0
[  209990ms] [ERROR] Failed to load resource: net::ERR_CONNECTION_REFUSED @ http://localhost:4181/api/live/matches/2026-033-netherlands-vs-sweden/snapshot?force_refresh=true:0
[  219993ms] [ERROR] Failed to load resource: net::ERR_CONNECTION_REFUSED @ http://localhost:4181/api/live/matches/2026-033-netherlands-vs-sweden/snapshot?force_refresh=true:0
[  229995ms] [ERROR] Failed to load resource: net::ERR_CONNECTION_REFUSED @ http://localhost:4181/api/live/matches/2026-033-netherlands-vs-sweden/snapshot?force_refresh=true:0
[  239998ms] [ERROR] Failed to load resource: net::ERR_CONNECTION_REFUSED @ http://localhost:4181/api/live/matches/2026-033-netherlands-vs-sweden/snapshot?force_refresh=true:0
[  250001ms] [ERROR] Failed to load resource: net::ERR_CONNECTION_REFUSED @ http://localhost:4181/api/live/matches/2026-033-netherlands-vs-sweden/snapshot?force_refresh=true:0
[  260004ms] [ERROR] Failed to load resource: net::ERR_CONNECTION_REFUSED @ http://localhost:4181/api/live/matches/2026-033-netherlands-vs-sweden/snapshot?force_refresh=true:0
[  270007ms] [ERROR] Failed to load resource: net::ERR_CONNECTION_REFUSED @ http://localhost:4181/api/live/matches/2026-033-netherlands-vs-sweden/snapshot?force_refresh=true:0
[  280010ms] [ERROR] Failed to load resource: net::ERR_CONNECTION_REFUSED @ http://localhost:4181/api/live/matches/2026-033-netherlands-vs-sweden/snapshot?force_refresh=true:0
[  290011ms] [ERROR] Failed to load resource: net::ERR_CONNECTION_REFUSED @ http://localhost:4181/api/live/matches/2026-033-netherlands-vs-sweden/snapshot?force_refresh=true:0
[  300014ms] [ERROR] Failed to load resource: net::ERR_CONNECTION_REFUSED @ http://localhost:4181/api/live/matches/2026-033-netherlands-vs-sweden/snapshot?force_refresh=true:0
[  310016ms] [ERROR] Failed to load resource: net::ERR_CONNECTION_REFUSED @ http://localhost:4181/api/live/matches/2026-033-netherlands-vs-sweden/snapshot?force_refresh=true:0
[  320019ms] [ERROR] Failed to load resource: net::ERR_CONNECTION_REFUSED @ http://localhost:4181/api/live/matches/2026-033-netherlands-vs-sweden/snapshot?force_refresh=true:0
[  330023ms] [ERROR] Failed to load resource: net::ERR_CONNECTION_REFUSED @ http://localhost:4181/api/live/matches/2026-033-netherlands-vs-sweden/snapshot?force_refresh=true:0
[  340025ms] [ERROR] Failed to load resource: net::ERR_CONNECTION_REFUSED @ http://localhost:4181/api/live/matches/2026-033-netherlands-vs-sweden/snapshot?force_refresh=true:0
[  350028ms] [ERROR] Failed to load resource: net::ERR_CONNECTION_REFUSED @ http://localhost:4181/api/live/matches/2026-033-netherlands-vs-sweden/snapshot?force_refresh=true:0
[  360031ms] [ERROR] Failed to load resource: net::ERR_CONNECTION_REFUSED @ http://localhost:4181/api/live/matches/2026-033-netherlands-vs-sweden/snapshot?force_refresh=true:0
[  370034ms] [ERROR] Failed to load resource: net::ERR_CONNECTION_REFUSED @ http://localhost:4181/api/live/matches/2026-033-netherlands-vs-sweden/snapshot?force_refresh=true:0
[  380037ms] [ERROR] Failed to load resource: net::ERR_CONNECTION_REFUSED @ http://localhost:4181/api/live/matches/2026-033-netherlands-vs-sweden/snapshot?force_refresh=true:0
[  390041ms] [ERROR] Failed to load resource: net::ERR_CONNECTION_REFUSED @ http://localhost:4181/api/live/matches/2026-033-netherlands-vs-sweden/snapshot?force_refresh=true:0
[  400044ms] [ERROR] Failed to load resource: net::ERR_CONNECTION_REFUSED @ http://localhost:4181/api/live/matches/2026-033-netherlands-vs-sweden/snapshot?force_refresh=true:0
[  410047ms] [ERROR] Failed to load resource: net::ERR_CONNECTION_REFUSED @ http://localhost:4181/api/live/matches/2026-033-netherlands-vs-sweden/snapshot?force_refresh=true:0
[  420049ms] [ERROR] Failed to load resource: net::ERR_CONNECTION_REFUSED @ http://localhost:4181/api/live/matches/2026-033-netherlands-vs-sweden/snapshot?force_refresh=true:0
[  430053ms] [ERROR] Failed to load resource: net::ERR_CONNECTION_REFUSED @ http://localhost:4181/api/live/matches/2026-033-netherlands-vs-sweden/snapshot?force_refresh=true:0
[  440115ms] [ERROR] Failed to load resource: net::ERR_CONNECTION_REFUSED @ http://localhost:4181/api/live/matches/2026-033-netherlands-vs-sweden/snapshot?force_refresh=true:0
[  450118ms] [ERROR] Failed to load resource: net::ERR_CONNECTION_REFUSED @ http://localhost:4181/api/live/matches/2026-033-netherlands-vs-sweden/snapshot?force_refresh=true:0
[  460122ms] [ERROR] Failed to load resource: net::ERR_CONNECTION_REFUSED @ http://localhost:4181/api/live/matches/2026-033-netherlands-vs-sweden/snapshot?force_refresh=true:0
[  470126ms] [ERROR] Failed to load resource: net::ERR_CONNECTION_REFUSED @ http://localhost:4181/api/live/matches/2026-033-netherlands-vs-sweden/snapshot?force_refresh=true:0
[  480129ms] [ERROR] Failed to load resource: net::ERR_CONNECTION_REFUSED @ http://localhost:4181/api/live/matches/2026-033-netherlands-vs-sweden/snapshot?force_refresh=true:0
[  490131ms] [ERROR] Failed to load resource: net::ERR_CONNECTION_REFUSED @ http://localhost:4181/api/live/matches/2026-033-netherlands-vs-sweden/snapshot?force_refresh=true:0
[  500134ms] [ERROR] Failed to load resource: net::ERR_CONNECTION_REFUSED @ http://localhost:4181/api/live/matches/2026-033-netherlands-vs-sweden/snapshot?force_refresh=true:0
[  510138ms] [ERROR] Failed to load resource: net::ERR_CONNECTION_REFUSED @ http://localhost:4181/api/live/matches/2026-033-netherlands-vs-sweden/snapshot?force_refresh=true:0
[  520142ms] [ERROR] Failed to load resource: net::ERR_CONNECTION_REFUSED @ http://localhost:4181/api/live/matches/2026-033-netherlands-vs-sweden/snapshot?force_refresh=true:0
[  530146ms] [ERROR] Failed to load resource: net::ERR_CONNECTION_REFUSED @ http://localhost:4181/api/live/matches/2026-033-netherlands-vs-sweden/snapshot?force_refresh=true:0
[  540149ms] [ERROR] Failed to load resource: net::ERR_CONNECTION_REFUSED @ http://localhost:4181/api/live/matches/2026-033-netherlands-vs-sweden/snapshot?force_refresh=true:0
[  550153ms] [ERROR] Failed to load resource: net::ERR_CONNECTION_REFUSED @ http://localhost:4181/api/live/matches/2026-033-netherlands-vs-sweden/snapshot?force_refresh=true:0
[  560156ms] [ERROR] Failed to load resource: net::ERR_CONNECTION_REFUSED @ http://localhost:4181/api/live/matches/2026-033-netherlands-vs-sweden/snapshot?force_refresh=true:0
[  570161ms] [ERROR] Failed to load resource: net::ERR_CONNECTION_REFUSED @ http://localhost:4181/api/live/matches/2026-033-netherlands-vs-sweden/snapshot?force_refresh=true:0
[  580165ms] [ERROR] Failed to load resource: net::ERR_CONNECTION_REFUSED @ http://localhost:4181/api/live/matches/2026-033-netherlands-vs-sweden/snapshot?force_refresh=true:0
[  590168ms] [ERROR] Failed to load resource: net::ERR_CONNECTION_REFUSED @ http://localhost:4181/api/live/matches/2026-033-netherlands-vs-sweden/snapshot?force_refresh=true:0
[  600173ms] [ERROR] Failed to load resource: net::ERR_CONNECTION_REFUSED @ http://localhost:4181/api/live/matches/2026-033-netherlands-vs-sweden/snapshot?force_refresh=true:0
[  610176ms] [ERROR] Failed to load resource: net::ERR_CONNECTION_REFUSED @ http://localhost:4181/api/live/matches/2026-033-netherlands-vs-sweden/snapshot?force_refresh=true:0
[  620179ms] [ERROR] Failed to load resource: net::ERR_CONNECTION_REFUSED @ http://localhost:4181/api/live/matches/2026-033-netherlands-vs-sweden/snapshot?force_refresh=true:0
[  630182ms] [ERROR] Failed to load resource: net::ERR_CONNECTION_REFUSED @ http://localhost:4181/api/live/matches/2026-033-netherlands-vs-sweden/snapshot?force_refresh=true:0
[  640187ms] [ERROR] Failed to load resource: net::ERR_CONNECTION_REFUSED @ http://localhost:4181/api/live/matches/2026-033-netherlands-vs-sweden/snapshot?force_refresh=true:0
[  650191ms] [ERROR] Failed to load resource: net::ERR_CONNECTION_REFUSED @ http://localhost:4181/api/live/matches/2026-033-netherlands-vs-sweden/snapshot?force_refresh=true:0
[  660194ms] [ERROR] Failed to load resource: net::ERR_CONNECTION_REFUSED @ http://localhost:4181/api/live/matches/2026-033-netherlands-vs-sweden/snapshot?force_refresh=true:0
[  670198ms] [ERROR] Failed to load resource: net::ERR_CONNECTION_REFUSED @ http://localhost:4181/api/live/matches/2026-033-netherlands-vs-sweden/snapshot?force_refresh=true:0
[  680201ms] [ERROR] Failed to load resource: net::ERR_CONNECTION_REFUSED @ http://localhost:4181/api/live/matches/2026-033-netherlands-vs-sweden/snapshot?force_refresh=true:0
[  690205ms] [ERROR] Failed to load resource: net::ERR_CONNECTION_REFUSED @ http://localhost:4181/api/live/matches/2026-033-netherlands-vs-sweden/snapshot?force_refresh=true:0
[  700209ms] [ERROR] Failed to load resource: net::ERR_CONNECTION_REFUSED @ http://localhost:4181/api/live/matches/2026-033-netherlands-vs-sweden/snapshot?force_refresh=true:0
[  710213ms] [ERROR] Failed to load resource: net::ERR_CONNECTION_REFUSED @ http://localhost:4181/api/live/matches/2026-033-netherlands-vs-sweden/snapshot?force_refresh=true:0
[  720217ms] [ERROR] Failed to load resource: net::ERR_CONNECTION_REFUSED @ http://localhost:4181/api/live/matches/2026-033-netherlands-vs-sweden/snapshot?force_refresh=true:0
[  730220ms] [ERROR] Failed to load resource: net::ERR_CONNECTION_REFUSED @ http://localhost:4181/api/live/matches/2026-033-netherlands-vs-sweden/snapshot?force_refresh=true:0
[  740223ms] [ERROR] Failed to load resource: net::ERR_CONNECTION_REFUSED @ http://localhost:4181/api/live/matches/2026-033-netherlands-vs-sweden/snapshot?force_refresh=true:0
[  750226ms] [ERROR] Failed to load resource: net::ERR_CONNECTION_REFUSED @ http://localhost:4181/api/live/matches/2026-033-netherlands-vs-sweden/snapshot?force_refresh=true:0
[  760228ms] [ERROR] Failed to load resource: net::ERR_CONNECTION_REFUSED @ http://localhost:4181/api/live/matches/2026-033-netherlands-vs-sweden/snapshot?force_refresh=true:0
[  770232ms] [ERROR] Failed to load resource: net::ERR_CONNECTION_REFUSED @ http://localhost:4181/api/live/matches/2026-033-netherlands-vs-sweden/snapshot?force_refresh=true:0
[  780238ms] [ERROR] Failed to load resource: net::ERR_CONNECTION_REFUSED @ http://localhost:4181/api/live/matches/2026-033-netherlands-vs-sweden/snapshot?force_refresh=true:0
[  790242ms] [ERROR] Failed to load resource: net::ERR_CONNECTION_REFUSED @ http://localhost:4181/api/live/matches/2026-033-netherlands-vs-sweden/snapshot?force_refresh=true:0
[  800245ms] [ERROR] Failed to load resource: net::ERR_CONNECTION_REFUSED @ http://localhost:4181/api/live/matches/2026-033-netherlands-vs-sweden/snapshot?force_refresh=true:0
[  810248ms] [ERROR] Failed to load resource: net::ERR_CONNECTION_REFUSED @ http://localhost:4181/api/live/matches/2026-033-netherlands-vs-sweden/snapshot?force_refresh=true:0
[  820252ms] [ERROR] Failed to load resource: net::ERR_CONNECTION_REFUSED @ http://localhost:4181/api/live/matches/2026-033-netherlands-vs-sweden/snapshot?force_refresh=true:0
[  830255ms] [ERROR] Failed to load resource: net::ERR_CONNECTION_REFUSED @ http://localhost:4181/api/live/matches/2026-033-netherlands-vs-sweden/snapshot?force_refresh=true:0
[  840259ms] [ERROR] Failed to load resource: net::ERR_CONNECTION_REFUSED @ http://localhost:4181/api/live/matches/2026-033-netherlands-vs-sweden/snapshot?force_refresh=true:0
[  850262ms] [ERROR] Failed to load resource: net::ERR_CONNECTION_REFUSED @ http://localhost:4181/api/live/matches/2026-033-netherlands-vs-sweden/snapshot?force_refresh=true:0
[  860265ms] [ERROR] Failed to load resource: net::ERR_CONNECTION_REFUSED @ http://localhost:4181/api/live/matches/2026-033-netherlands-vs-sweden/snapshot?force_refresh=true:0
[  870270ms] [ERROR] Failed to load resource: net::ERR_CONNECTION_REFUSED @ http://localhost:4181/api/live/matches/2026-033-netherlands-vs-sweden/snapshot?force_refresh=true:0
[  880274ms] [ERROR] Failed to load resource: net::ERR_CONNECTION_REFUSED @ http://localhost:4181/api/live/matches/2026-033-netherlands-vs-sweden/snapshot?force_refresh=true:0
[  890278ms] [ERROR] Failed to load resource: net::ERR_CONNECTION_REFUSED @ http://localhost:4181/api/live/matches/2026-033-netherlands-vs-sweden/snapshot?force_refresh=true:0
[  900281ms] [ERROR] Failed to load resource: net::ERR_CONNECTION_REFUSED @ http://localhost:4181/api/live/matches/2026-033-netherlands-vs-sweden/snapshot?force_refresh=true:0
[  910284ms] [ERROR] Failed to load resource: net::ERR_CONNECTION_REFUSED @ http://localhost:4181/api/live/matches/2026-033-netherlands-vs-sweden/snapshot?force_refresh=true:0
[  920286ms] [ERROR] Failed to load resource: net::ERR_CONNECTION_REFUSED @ http://localhost:4181/api/live/matches/2026-033-netherlands-vs-sweden/snapshot?force_refresh=true:0
[  930289ms] [ERROR] Failed to load resource: net::ERR_CONNECTION_REFUSED @ http://localhost:4181/api/live/matches/2026-033-netherlands-vs-sweden/snapshot?force_refresh=true:0
[  940291ms] [ERROR] Failed to load resource: net::ERR_CONNECTION_REFUSED @ http://localhost:4181/api/live/matches/2026-033-netherlands-vs-sweden/snapshot?force_refresh=true:0
[  950294ms] [ERROR] Failed to load resource: net::ERR_CONNECTION_REFUSED @ http://localhost:4181/api/live/matches/2026-033-netherlands-vs-sweden/snapshot?force_refresh=true:0
[  960297ms] [ERROR] Failed to load resource: net::ERR_CONNECTION_REFUSED @ http://localhost:4181/api/live/matches/2026-033-netherlands-vs-sweden/snapshot?force_refresh=true:0
[  970301ms] [ERROR] Failed to load resource: net::ERR_CONNECTION_REFUSED @ http://localhost:4181/api/live/matches/2026-033-netherlands-vs-sweden/snapshot?force_refresh=true:0
[  980305ms] [ERROR] Failed to load resource: net::ERR_CONNECTION_REFUSED @ http://localhost:4181/api/live/matches/2026-033-netherlands-vs-sweden/snapshot?force_refresh=true:0
[  990308ms] [ERROR] Failed to load resource: net::ERR_CONNECTION_REFUSED @ http://localhost:4181/api/live/matches/2026-033-netherlands-vs-sweden/snapshot?force_refresh=true:0
[ 1000311ms] [ERROR] Failed to load resource: net::ERR_CONNECTION_REFUSED @ http://localhost:4181/api/live/matches/2026-033-netherlands-vs-sweden/snapshot?force_refresh=true:0
[ 1010314ms] [ERROR] Failed to load resource: net::ERR_CONNECTION_REFUSED @ http://localhost:4181/api/live/matches/2026-033-netherlands-vs-sweden/snapshot?force_refresh=true:0
[ 1020316ms] [ERROR] Failed to load resource: net::ERR_CONNECTION_REFUSED @ http://localhost:4181/api/live/matches/2026-033-netherlands-vs-sweden/snapshot?force_refresh=true:0
[ 1030320ms] [ERROR] Failed to load resource: net::ERR_CONNECTION_REFUSED @ http://localhost:4181/api/live/matches/2026-033-netherlands-vs-sweden/snapshot?force_refresh=true:0
[ 1040324ms] [ERROR] Failed to load resource: net::ERR_CONNECTION_REFUSED @ http://localhost:4181/api/live/matches/2026-033-netherlands-vs-sweden/snapshot?force_refresh=true:0
[ 1050328ms] [ERROR] Failed to load resource: net::ERR_CONNECTION_REFUSED @ http://localhost:4181/api/live/matches/2026-033-netherlands-vs-sweden/snapshot?force_refresh=true:0
[ 1060330ms] [ERROR] Failed to load resource: net::ERR_CONNECTION_REFUSED @ http://localhost:4181/api/live/matches/2026-033-netherlands-vs-sweden/snapshot?force_refresh=true:0
[ 1070334ms] [ERROR] Failed to load resource: net::ERR_CONNECTION_REFUSED @ http://localhost:4181/api/live/matches/2026-033-netherlands-vs-sweden/snapshot?force_refresh=true:0
[ 1080338ms] [ERROR] Failed to load resource: net::ERR_CONNECTION_REFUSED @ http://localhost:4181/api/live/matches/2026-033-netherlands-vs-sweden/snapshot?force_refresh=true:0
[ 1090341ms] [ERROR] Failed to load resource: net::ERR_CONNECTION_REFUSED @ http://localhost:4181/api/live/matches/2026-033-netherlands-vs-sweden/snapshot?force_refresh=true:0
[ 1100345ms] [ERROR] Failed to load resource: net::ERR_CONNECTION_REFUSED @ http://localhost:4181/api/live/matches/2026-033-netherlands-vs-sweden/snapshot?force_refresh=true:0
[ 1110348ms] [ERROR] Failed to load resource: net::ERR_CONNECTION_REFUSED @ http://localhost:4181/api/live/matches/2026-033-netherlands-vs-sweden/snapshot?force_refresh=true:0
[ 1120350ms] [ERROR] Failed to load resource: net::ERR_CONNECTION_REFUSED @ http://localhost:4181/api/live/matches/2026-033-netherlands-vs-sweden/snapshot?force_refresh=true:0
[ 1130354ms] [ERROR] Failed to load resource: net::ERR_CONNECTION_REFUSED @ http://localhost:4181/api/live/matches/2026-033-netherlands-vs-sweden/snapshot?force_refresh=true:0
[ 1140357ms] [ERROR] Failed to load resource: net::ERR_CONNECTION_REFUSED @ http://localhost:4181/api/live/matches/2026-033-netherlands-vs-sweden/snapshot?force_refresh=true:0
[ 1150361ms] [ERROR] Failed to load resource: net::ERR_CONNECTION_REFUSED @ http://localhost:4181/api/live/matches/2026-033-netherlands-vs-sweden/snapshot?force_refresh=true:0
[ 1160365ms] [ERROR] Failed to load resource: net::ERR_CONNECTION_REFUSED @ http://localhost:4181/api/live/matches/2026-033-netherlands-vs-sweden/snapshot?force_refresh=true:0
[ 1170370ms] [ERROR] Failed to load resource: net::ERR_CONNECTION_REFUSED @ http://localhost:4181/api/live/matches/2026-033-netherlands-vs-sweden/snapshot?force_refresh=true:0
[ 1180374ms] [ERROR] Failed to load resource: net::ERR_CONNECTION_REFUSED @ http://localhost:4181/api/live/matches/2026-033-netherlands-vs-sweden/snapshot?force_refresh=true:0
[ 1190377ms] [ERROR] Failed to load resource: net::ERR_CONNECTION_REFUSED @ http://localhost:4181/api/live/matches/2026-033-netherlands-vs-sweden/snapshot?force_refresh=true:0
[ 1200380ms] [ERROR] Failed to load resource: net::ERR_CONNECTION_REFUSED @ http://localhost:4181/api/live/matches/2026-033-netherlands-vs-sweden/snapshot?force_refresh=true:0
[ 1210383ms] [ERROR] Failed to load resource: net::ERR_CONNECTION_REFUSED @ http://localhost:4181/api/live/matches/2026-033-netherlands-vs-sweden/snapshot?force_refresh=true:0
[ 1220386ms] [ERROR] Failed to load resource: net::ERR_CONNECTION_REFUSED @ http://localhost:4181/api/live/matches/2026-033-netherlands-vs-sweden/snapshot?force_refresh=true:0
[ 1230390ms] [ERROR] Failed to load resource: net::ERR_CONNECTION_REFUSED @ http://localhost:4181/api/live/matches/2026-033-netherlands-vs-sweden/snapshot?force_refresh=true:0
[ 1240393ms] [ERROR] Failed to load resource: net::ERR_CONNECTION_REFUSED @ http://localhost:4181/api/live/matches/2026-033-netherlands-vs-sweden/snapshot?force_refresh=true:0
[ 1250397ms] [ERROR] Failed to load resource: net::ERR_CONNECTION_REFUSED @ http://localhost:4181/api/live/matches/2026-033-netherlands-vs-sweden/snapshot?force_refresh=true:0
[ 1260400ms] [ERROR] Failed to load resource: net::ERR_CONNECTION_REFUSED @ http://localhost:4181/api/live/matches/2026-033-netherlands-vs-sweden/snapshot?force_refresh=true:0
[ 1270405ms] [ERROR] Failed to load resource: net::ERR_CONNECTION_REFUSED @ http://localhost:4181/api/live/matches/2026-033-netherlands-vs-sweden/snapshot?force_refresh=true:0
[ 1280406ms] [ERROR] Failed to load resource: net::ERR_CONNECTION_REFUSED @ http://localhost:4181/api/live/matches/2026-033-netherlands-vs-sweden/snapshot?force_refresh=true:0
[ 1290409ms] [ERROR] Failed to load resource: net::ERR_CONNECTION_REFUSED @ http://localhost:4181/api/live/matches/2026-033-netherlands-vs-sweden/snapshot?force_refresh=true:0
[ 1300412ms] [ERROR] Failed to load resource: net::ERR_CONNECTION_REFUSED @ http://localhost:4181/api/live/matches/2026-033-netherlands-vs-sweden/snapshot?force_refresh=true:0
[ 1310414ms] [ERROR] Failed to load resource: net::ERR_CONNECTION_REFUSED @ http://localhost:4181/api/live/matches/2026-033-netherlands-vs-sweden/snapshot?force_refresh=true:0
[ 1320417ms] [ERROR] Failed to load resource: net::ERR_CONNECTION_REFUSED @ http://localhost:4181/api/live/matches/2026-033-netherlands-vs-sweden/snapshot?force_refresh=true:0
[ 1330423ms] [ERROR] Failed to load resource: net::ERR_CONNECTION_REFUSED @ http://localhost:4181/api/live/matches/2026-033-netherlands-vs-sweden/snapshot?force_refresh=true:0
[ 1340426ms] [ERROR] Failed to load resource: net::ERR_CONNECTION_REFUSED @ http://localhost:4181/api/live/matches/2026-033-netherlands-vs-sweden/snapshot?force_refresh=true:0
[ 1350429ms] [ERROR] Failed to load resource: net::ERR_CONNECTION_REFUSED @ http://localhost:4181/api/live/matches/2026-033-netherlands-vs-sweden/snapshot?force_refresh=true:0
[ 1360432ms] [ERROR] Failed to load resource: net::ERR_CONNECTION_REFUSED @ http://localhost:4181/api/live/matches/2026-033-netherlands-vs-sweden/snapshot?force_refresh=true:0
[ 1370435ms] [ERROR] Failed to load resource: net::ERR_CONNECTION_REFUSED @ http://localhost:4181/api/live/matches/2026-033-netherlands-vs-sweden/snapshot?force_refresh=true:0
[ 1380437ms] [ERROR] Failed to load resource: net::ERR_CONNECTION_REFUSED @ http://localhost:4181/api/live/matches/2026-033-netherlands-vs-sweden/snapshot?force_refresh=true:0
[ 1390440ms] [ERROR] Failed to load resource: net::ERR_CONNECTION_REFUSED @ http://localhost:4181/api/live/matches/2026-033-netherlands-vs-sweden/snapshot?force_refresh=true:0
[ 1400443ms] [ERROR] Failed to load resource: net::ERR_CONNECTION_REFUSED @ http://localhost:4181/api/live/matches/2026-033-netherlands-vs-sweden/snapshot?force_refresh=true:0
[ 1410448ms] [ERROR] Failed to load resource: net::ERR_CONNECTION_REFUSED @ http://localhost:4181/api/live/matches/2026-033-netherlands-vs-sweden/snapshot?force_refresh=true:0
[ 1420452ms] [ERROR] Failed to load resource: net::ERR_CONNECTION_REFUSED @ http://localhost:4181/api/live/matches/2026-033-netherlands-vs-sweden/snapshot?force_refresh=true:0
[ 1430455ms] [ERROR] Failed to load resource: net::ERR_CONNECTION_REFUSED @ http://localhost:4181/api/live/matches/2026-033-netherlands-vs-sweden/snapshot?force_refresh=true:0
[ 1440458ms] [ERROR] Failed to load resource: net::ERR_CONNECTION_REFUSED @ http://localhost:4181/api/live/matches/2026-033-netherlands-vs-sweden/snapshot?force_refresh=true:0
[ 1450462ms] [ERROR] Failed to load resource: net::ERR_CONNECTION_REFUSED @ http://localhost:4181/api/live/matches/2026-033-netherlands-vs-sweden/snapshot?force_refresh=true:0
[ 1460464ms] [ERROR] Failed to load resource: net::ERR_CONNECTION_REFUSED @ http://localhost:4181/api/live/matches/2026-033-netherlands-vs-sweden/snapshot?force_refresh=true:0
[ 1470468ms] [ERROR] Failed to load resource: net::ERR_CONNECTION_REFUSED @ http://localhost:4181/api/live/matches/2026-033-netherlands-vs-sweden/snapshot?force_refresh=true:0
[ 1480471ms] [ERROR] Failed to load resource: net::ERR_CONNECTION_REFUSED @ http://localhost:4181/api/live/matches/2026-033-netherlands-vs-sweden/snapshot?force_refresh=true:0
[ 1490475ms] [ERROR] Failed to load resource: net::ERR_CONNECTION_REFUSED @ http://localhost:4181/api/live/matches/2026-033-netherlands-vs-sweden/snapshot?force_refresh=true:0
[ 1500478ms] [ERROR] Failed to load resource: net::ERR_CONNECTION_REFUSED @ http://localhost:4181/api/live/matches/2026-033-netherlands-vs-sweden/snapshot?force_refresh=true:0
[ 1510482ms] [ERROR] Failed to load resource: net::ERR_CONNECTION_REFUSED @ http://localhost:4181/api/live/matches/2026-033-netherlands-vs-sweden/snapshot?force_refresh=true:0
[ 1520486ms] [ERROR] Failed to load resource: net::ERR_CONNECTION_REFUSED @ http://localhost:4181/api/live/matches/2026-033-netherlands-vs-sweden/snapshot?force_refresh=true:0
[ 1530490ms] [ERROR] Failed to load resource: net::ERR_CONNECTION_REFUSED @ http://localhost:4181/api/live/matches/2026-033-netherlands-vs-sweden/snapshot?force_refresh=true:0
[ 1540493ms] [ERROR] Failed to load resource: net::ERR_CONNECTION_REFUSED @ http://localhost:4181/api/live/matches/2026-033-netherlands-vs-sweden/snapshot?force_refresh=true:0
[ 1550496ms] [ERROR] Failed to load resource: net::ERR_CONNECTION_REFUSED @ http://localhost:4181/api/live/matches/2026-033-netherlands-vs-sweden/snapshot?force_refresh=true:0
[ 1560500ms] [ERROR] Failed to load resource: net::ERR_CONNECTION_REFUSED @ http://localhost:4181/api/live/matches/2026-033-netherlands-vs-sweden/snapshot?force_refresh=true:0
[ 1570503ms] [ERROR] Failed to load resource: net::ERR_CONNECTION_REFUSED @ http://localhost:4181/api/live/matches/2026-033-netherlands-vs-sweden/snapshot?force_refresh=true:0
[ 1580506ms] [ERROR] Failed to load resource: net::ERR_CONNECTION_REFUSED @ http://localhost:4181/api/live/matches/2026-033-netherlands-vs-sweden/snapshot?force_refresh=true:0
[ 1590510ms] [ERROR] Failed to load resource: net::ERR_CONNECTION_REFUSED @ http://localhost:4181/api/live/matches/2026-033-netherlands-vs-sweden/snapshot?force_refresh=true:0
[ 1600514ms] [ERROR] Failed to load resource: net::ERR_CONNECTION_REFUSED @ http://localhost:4181/api/live/matches/2026-033-netherlands-vs-sweden/snapshot?force_refresh=true:0
[ 1610519ms] [ERROR] Failed to load resource: net::ERR_CONNECTION_REFUSED @ http://localhost:4181/api/live/matches/2026-033-netherlands-vs-sweden/snapshot?force_refresh=true:0
[ 1620522ms] [ERROR] Failed to load resource: net::ERR_CONNECTION_REFUSED @ http://localhost:4181/api/live/matches/2026-033-netherlands-vs-sweden/snapshot?force_refresh=true:0
[ 1630525ms] [ERROR] Failed to load resource: net::ERR_CONNECTION_REFUSED @ http://localhost:4181/api/live/matches/2026-033-netherlands-vs-sweden/snapshot?force_refresh=true:0
[ 1640529ms] [ERROR] Failed to load resource: net::ERR_CONNECTION_REFUSED @ http://localhost:4181/api/live/matches/2026-033-netherlands-vs-sweden/snapshot?force_refresh=true:0
[ 1650532ms] [ERROR] Failed to load resource: net::ERR_CONNECTION_REFUSED @ http://localhost:4181/api/live/matches/2026-033-netherlands-vs-sweden/snapshot?force_refresh=true:0
[ 1660535ms] [ERROR] Failed to load resource: net::ERR_CONNECTION_REFUSED @ http://localhost:4181/api/live/matches/2026-033-netherlands-vs-sweden/snapshot?force_refresh=true:0
[ 1670538ms] [ERROR] Failed to load resource: net::ERR_CONNECTION_REFUSED @ http://localhost:4181/api/live/matches/2026-033-netherlands-vs-sweden/snapshot?force_refresh=true:0
[ 1680542ms] [ERROR] Failed to load resource: net::ERR_CONNECTION_REFUSED @ http://localhost:4181/api/live/matches/2026-033-netherlands-vs-sweden/snapshot?force_refresh=true:0
[ 1690544ms] [ERROR] Failed to load resource: net::ERR_CONNECTION_REFUSED @ http://localhost:4181/api/live/matches/2026-033-netherlands-vs-sweden/snapshot?force_refresh=true:0
[ 1700548ms] [ERROR] Failed to load resource: net::ERR_CONNECTION_REFUSED @ http://localhost:4181/api/live/matches/2026-033-netherlands-vs-sweden/snapshot?force_refresh=true:0
[ 1710552ms] [ERROR] Failed to load resource: net::ERR_CONNECTION_REFUSED @ http://localhost:4181/api/live/matches/2026-033-netherlands-vs-sweden/snapshot?force_refresh=true:0
[ 1720557ms] [ERROR] Failed to load resource: net::ERR_CONNECTION_REFUSED @ http://localhost:4181/api/live/matches/2026-033-netherlands-vs-sweden/snapshot?force_refresh=true:0
[ 1730561ms] [ERROR] Failed to load resource: net::ERR_CONNECTION_REFUSED @ http://localhost:4181/api/live/matches/2026-033-netherlands-vs-sweden/snapshot?force_refresh=true:0
[ 1740564ms] [ERROR] Failed to load resource: net::ERR_CONNECTION_REFUSED @ http://localhost:4181/api/live/matches/2026-033-netherlands-vs-sweden/snapshot?force_refresh=true:0
[ 1750567ms] [ERROR] Failed to load resource: net::ERR_CONNECTION_REFUSED @ http://localhost:4181/api/live/matches/2026-033-netherlands-vs-sweden/snapshot?force_refresh=true:0
[ 1760570ms] [ERROR] Failed to load resource: net::ERR_CONNECTION_REFUSED @ http://localhost:4181/api/live/matches/2026-033-netherlands-vs-sweden/snapshot?force_refresh=true:0
[ 1770573ms] [ERROR] Failed to load resource: net::ERR_CONNECTION_REFUSED @ http://localhost:4181/api/live/matches/2026-033-netherlands-vs-sweden/snapshot?force_refresh=true:0
[ 1780576ms] [ERROR] Failed to load resource: net::ERR_CONNECTION_REFUSED @ http://localhost:4181/api/live/matches/2026-033-netherlands-vs-sweden/snapshot?force_refresh=true:0
[ 1790580ms] [ERROR] Failed to load resource: net::ERR_CONNECTION_REFUSED @ http://localhost:4181/api/live/matches/2026-033-netherlands-vs-sweden/snapshot?force_refresh=true:0
[ 1800585ms] [ERROR] Failed to load resource: net::ERR_CONNECTION_REFUSED @ http://localhost:4181/api/live/matches/2026-033-netherlands-vs-sweden/snapshot?force_refresh=true:0
[ 1810588ms] [ERROR] Failed to load resource: net::ERR_CONNECTION_REFUSED @ http://localhost:4181/api/live/matches/2026-033-netherlands-vs-sweden/snapshot?force_refresh=true:0
[ 1820590ms] [ERROR] Failed to load resource: net::ERR_CONNECTION_REFUSED @ http://localhost:4181/api/live/matches/2026-033-netherlands-vs-sweden/snapshot?force_refresh=true:0
[ 1830593ms] [ERROR] Failed to load resource: net::ERR_CONNECTION_REFUSED @ http://localhost:4181/api/live/matches/2026-033-netherlands-vs-sweden/snapshot?force_refresh=true:0
[ 1840596ms] [ERROR] Failed to load resource: net::ERR_CONNECTION_REFUSED @ http://localhost:4181/api/live/matches/2026-033-netherlands-vs-sweden/snapshot?force_refresh=true:0
[ 1850599ms] [ERROR] Failed to load resource: net::ERR_CONNECTION_REFUSED @ http://localhost:4181/api/live/matches/2026-033-netherlands-vs-sweden/snapshot?force_refresh=true:0
[ 1860601ms] [ERROR] Failed to load resource: net::ERR_CONNECTION_REFUSED @ http://localhost:4181/api/live/matches/2026-033-netherlands-vs-sweden/snapshot?force_refresh=true:0
[ 1870604ms] [ERROR] Failed to load resource: net::ERR_CONNECTION_REFUSED @ http://localhost:4181/api/live/matches/2026-033-netherlands-vs-sweden/snapshot?force_refresh=true:0
[ 1880607ms] [ERROR] Failed to load resource: net::ERR_CONNECTION_REFUSED @ http://localhost:4181/api/live/matches/2026-033-netherlands-vs-sweden/snapshot?force_refresh=true:0
[ 1890612ms] [ERROR] Failed to load resource: net::ERR_CONNECTION_REFUSED @ http://localhost:4181/api/live/matches/2026-033-netherlands-vs-sweden/snapshot?force_refresh=true:0
[ 1900616ms] [ERROR] Failed to load resource: net::ERR_CONNECTION_REFUSED @ http://localhost:4181/api/live/matches/2026-033-netherlands-vs-sweden/snapshot?force_refresh=true:0
[ 1910620ms] [ERROR] Failed to load resource: net::ERR_CONNECTION_REFUSED @ http://localhost:4181/api/live/matches/2026-033-netherlands-vs-sweden/snapshot?force_refresh=true:0
[ 1920624ms] [ERROR] Failed to load resource: net::ERR_CONNECTION_REFUSED @ http://localhost:4181/api/live/matches/2026-033-netherlands-vs-sweden/snapshot?force_refresh=true:0
[ 1930627ms] [ERROR] Failed to load resource: net::ERR_CONNECTION_REFUSED @ http://localhost:4181/api/live/matches/2026-033-netherlands-vs-sweden/snapshot?force_refresh=true:0
[ 1940631ms] [ERROR] Failed to load resource: net::ERR_CONNECTION_REFUSED @ http://localhost:4181/api/live/matches/2026-033-netherlands-vs-sweden/snapshot?force_refresh=true:0
[ 1950634ms] [ERROR] Failed to load resource: net::ERR_CONNECTION_REFUSED @ http://localhost:4181/api/live/matches/2026-033-netherlands-vs-sweden/snapshot?force_refresh=true:0
[ 1960638ms] [ERROR] Failed to load resource: net::ERR_CONNECTION_REFUSED @ http://localhost:4181/api/live/matches/2026-033-netherlands-vs-sweden/snapshot?force_refresh=true:0
[ 1970641ms] [ERROR] Failed to load resource: net::ERR_CONNECTION_REFUSED @ http://localhost:4181/api/live/matches/2026-033-netherlands-vs-sweden/snapshot?force_refresh=true:0
[ 1980644ms] [ERROR] Failed to load resource: net::ERR_CONNECTION_REFUSED @ http://localhost:4181/api/live/matches/2026-033-netherlands-vs-sweden/snapshot?force_refresh=true:0
[ 1990646ms] [ERROR] Failed to load resource: net::ERR_CONNECTION_REFUSED @ http://localhost:4181/api/live/matches/2026-033-netherlands-vs-sweden/snapshot?force_refresh=true:0
[ 2000649ms] [ERROR] Failed to load resource: net::ERR_CONNECTION_REFUSED @ http://localhost:4181/api/live/matches/2026-033-netherlands-vs-sweden/snapshot?force_refresh=true:0
[ 2010652ms] [ERROR] Failed to load resource: net::ERR_CONNECTION_REFUSED @ http://localhost:4181/api/live/matches/2026-033-netherlands-vs-sweden/snapshot?force_refresh=true:0
[ 2020654ms] [ERROR] Failed to load resource: net::ERR_CONNECTION_REFUSED @ http://localhost:4181/api/live/matches/2026-033-netherlands-vs-sweden/snapshot?force_refresh=true:0
[ 2030658ms] [ERROR] Failed to load resource: net::ERR_CONNECTION_REFUSED @ http://localhost:4181/api/live/matches/2026-033-netherlands-vs-sweden/snapshot?force_refresh=true:0
[ 2040661ms] [ERROR] Failed to load resource: net::ERR_CONNECTION_REFUSED @ http://localhost:4181/api/live/matches/2026-033-netherlands-vs-sweden/snapshot?force_refresh=true:0
[ 2050664ms] [ERROR] Failed to load resource: net::ERR_CONNECTION_REFUSED @ http://localhost:4181/api/live/matches/2026-033-netherlands-vs-sweden/snapshot?force_refresh=true:0
[ 2060667ms] [ERROR] Failed to load resource: net::ERR_CONNECTION_REFUSED @ http://localhost:4181/api/live/matches/2026-033-netherlands-vs-sweden/snapshot?force_refresh=true:0
[ 2070670ms] [ERROR] Failed to load resource: net::ERR_CONNECTION_REFUSED @ http://localhost:4181/api/live/matches/2026-033-netherlands-vs-sweden/snapshot?force_refresh=true:0
[ 2080673ms] [ERROR] Failed to load resource: net::ERR_CONNECTION_REFUSED @ http://localhost:4181/api/live/matches/2026-033-netherlands-vs-sweden/snapshot?force_refresh=true:0
[ 2090676ms] [ERROR] Failed to load resource: net::ERR_CONNECTION_REFUSED @ http://localhost:4181/api/live/matches/2026-033-netherlands-vs-sweden/snapshot?force_refresh=true:0
[ 2100680ms] [ERROR] Failed to load resource: net::ERR_CONNECTION_REFUSED @ http://localhost:4181/api/live/matches/2026-033-netherlands-vs-sweden/snapshot?force_refresh=true:0
[ 2110684ms] [ERROR] Failed to load resource: net::ERR_CONNECTION_REFUSED @ http://localhost:4181/api/live/matches/2026-033-netherlands-vs-sweden/snapshot?force_refresh=true:0
[ 2120686ms] [ERROR] Failed to load resource: net::ERR_CONNECTION_REFUSED @ http://localhost:4181/api/live/matches/2026-033-netherlands-vs-sweden/snapshot?force_refresh=true:0
[ 2130690ms] [ERROR] Failed to load resource: net::ERR_CONNECTION_REFUSED @ http://localhost:4181/api/live/matches/2026-033-netherlands-vs-sweden/snapshot?force_refresh=true:0
[ 2140693ms] [ERROR] Failed to load resource: net::ERR_CONNECTION_REFUSED @ http://localhost:4181/api/live/matches/2026-033-netherlands-vs-sweden/snapshot?force_refresh=true:0
[ 2150697ms] [ERROR] Failed to load resource: net::ERR_CONNECTION_REFUSED @ http://localhost:4181/api/live/matches/2026-033-netherlands-vs-sweden/snapshot?force_refresh=true:0
[ 2160700ms] [ERROR] Failed to load resource: net::ERR_CONNECTION_REFUSED @ http://localhost:4181/api/live/matches/2026-033-netherlands-vs-sweden/snapshot?force_refresh=true:0
[ 2170703ms] [ERROR] Failed to load resource: net::ERR_CONNECTION_REFUSED @ http://localhost:4181/api/live/matches/2026-033-netherlands-vs-sweden/snapshot?force_refresh=true:0
[ 2180706ms] [ERROR] Failed to load resource: net::ERR_CONNECTION_REFUSED @ http://localhost:4181/api/live/matches/2026-033-netherlands-vs-sweden/snapshot?force_refresh=true:0
[ 2190710ms] [ERROR] Failed to load resource: net::ERR_CONNECTION_REFUSED @ http://localhost:4181/api/live/matches/2026-033-netherlands-vs-sweden/snapshot?force_refresh=true:0
[ 2200713ms] [ERROR] Failed to load resource: net::ERR_CONNECTION_REFUSED @ http://localhost:4181/api/live/matches/2026-033-netherlands-vs-sweden/snapshot?force_refresh=true:0
[ 2210717ms] [ERROR] Failed to load resource: net::ERR_CONNECTION_REFUSED @ http://localhost:4181/api/live/matches/2026-033-netherlands-vs-sweden/snapshot?force_refresh=true:0
[ 2220721ms] [ERROR] Failed to load resource: net::ERR_CONNECTION_REFUSED @ http://localhost:4181/api/live/matches/2026-033-netherlands-vs-sweden/snapshot?force_refresh=true:0
[ 2230724ms] [ERROR] Failed to load resource: net::ERR_CONNECTION_REFUSED @ http://localhost:4181/api/live/matches/2026-033-netherlands-vs-sweden/snapshot?force_refresh=true:0
[ 2240727ms] [ERROR] Failed to load resource: net::ERR_CONNECTION_REFUSED @ http://localhost:4181/api/live/matches/2026-033-netherlands-vs-sweden/snapshot?force_refresh=true:0
[ 2250731ms] [ERROR] Failed to load resource: net::ERR_CONNECTION_REFUSED @ http://localhost:4181/api/live/matches/2026-033-netherlands-vs-sweden/snapshot?force_refresh=true:0
[ 2260734ms] [ERROR] Failed to load resource: net::ERR_CONNECTION_REFUSED @ http://localhost:4181/api/live/matches/2026-033-netherlands-vs-sweden/snapshot?force_refresh=true:0
[ 2270737ms] [ERROR] Failed to load resource: net::ERR_CONNECTION_REFUSED @ http://localhost:4181/api/live/matches/2026-033-netherlands-vs-sweden/snapshot?force_refresh=true:0
[ 2280741ms] [ERROR] Failed to load resource: net::ERR_CONNECTION_REFUSED @ http://localhost:4181/api/live/matches/2026-033-netherlands-vs-sweden/snapshot?force_refresh=true:0
[ 2290745ms] [ERROR] Failed to load resource: net::ERR_CONNECTION_REFUSED @ http://localhost:4181/api/live/matches/2026-033-netherlands-vs-sweden/snapshot?force_refresh=true:0
[ 2300749ms] [ERROR] Failed to load resource: net::ERR_CONNECTION_REFUSED @ http://localhost:4181/api/live/matches/2026-033-netherlands-vs-sweden/snapshot?force_refresh=true:0
[ 2310753ms] [ERROR] Failed to load resource: net::ERR_CONNECTION_REFUSED @ http://localhost:4181/api/live/matches/2026-033-netherlands-vs-sweden/snapshot?force_refresh=true:0
[ 2320755ms] [ERROR] Failed to load resource: net::ERR_CONNECTION_REFUSED @ http://localhost:4181/api/live/matches/2026-033-netherlands-vs-sweden/snapshot?force_refresh=true:0
[ 2330759ms] [ERROR] Failed to load resource: net::ERR_CONNECTION_REFUSED @ http://localhost:4181/api/live/matches/2026-033-netherlands-vs-sweden/snapshot?force_refresh=true:0
[ 2340761ms] [ERROR] Failed to load resource: net::ERR_CONNECTION_REFUSED @ http://localhost:4181/api/live/matches/2026-033-netherlands-vs-sweden/snapshot?force_refresh=true:0
[ 2350764ms] [ERROR] Failed to load resource: net::ERR_CONNECTION_REFUSED @ http://localhost:4181/api/live/matches/2026-033-netherlands-vs-sweden/snapshot?force_refresh=true:0
[ 2360768ms] [ERROR] Failed to load resource: net::ERR_CONNECTION_REFUSED @ http://localhost:4181/api/live/matches/2026-033-netherlands-vs-sweden/snapshot?force_refresh=true:0
[ 2370772ms] [ERROR] Failed to load resource: net::ERR_CONNECTION_REFUSED @ http://localhost:4181/api/live/matches/2026-033-netherlands-vs-sweden/snapshot?force_refresh=true:0
[ 2380776ms] [ERROR] Failed to load resource: net::ERR_CONNECTION_REFUSED @ http://localhost:4181/api/live/matches/2026-033-netherlands-vs-sweden/snapshot?force_refresh=true:0
[ 2390780ms] [ERROR] Failed to load resource: net::ERR_CONNECTION_REFUSED @ http://localhost:4181/api/live/matches/2026-033-netherlands-vs-sweden/snapshot?force_refresh=true:0
[ 2400784ms] [ERROR] Failed to load resource: net::ERR_CONNECTION_REFUSED @ http://localhost:4181/api/live/matches/2026-033-netherlands-vs-sweden/snapshot?force_refresh=true:0
[ 2410786ms] [ERROR] Failed to load resource: net::ERR_CONNECTION_REFUSED @ http://localhost:4181/api/live/matches/2026-033-netherlands-vs-sweden/snapshot?force_refresh=true:0
[ 2420790ms] [ERROR] Failed to load resource: net::ERR_CONNECTION_REFUSED @ http://localhost:4181/api/live/matches/2026-033-netherlands-vs-sweden/snapshot?force_refresh=true:0
[ 2430794ms] [ERROR] Failed to load resource: net::ERR_CONNECTION_REFUSED @ http://localhost:4181/api/live/matches/2026-033-netherlands-vs-sweden/snapshot?force_refresh=true:0
[ 2440796ms] [ERROR] Failed to load resource: net::ERR_CONNECTION_REFUSED @ http://localhost:4181/api/live/matches/2026-033-netherlands-vs-sweden/snapshot?force_refresh=true:0
[ 2450802ms] [ERROR] Failed to load resource: net::ERR_CONNECTION_REFUSED @ http://localhost:4181/api/live/matches/2026-033-netherlands-vs-sweden/snapshot?force_refresh=true:0
[ 2460805ms] [ERROR] Failed to load resource: net::ERR_CONNECTION_REFUSED @ http://localhost:4181/api/live/matches/2026-033-netherlands-vs-sweden/snapshot?force_refresh=true:0
[ 2470807ms] [ERROR] Failed to load resource: net::ERR_CONNECTION_REFUSED @ http://localhost:4181/api/live/matches/2026-033-netherlands-vs-sweden/snapshot?force_refresh=true:0
[ 2480811ms] [ERROR] Failed to load resource: net::ERR_CONNECTION_REFUSED @ http://localhost:4181/api/live/matches/2026-033-netherlands-vs-sweden/snapshot?force_refresh=true:0
[ 2490814ms] [ERROR] Failed to load resource: net::ERR_CONNECTION_REFUSED @ http://localhost:4181/api/live/matches/2026-033-netherlands-vs-sweden/snapshot?force_refresh=true:0
[ 2500818ms] [ERROR] Failed to load resource: net::ERR_CONNECTION_REFUSED @ http://localhost:4181/api/live/matches/2026-033-netherlands-vs-sweden/snapshot?force_refresh=true:0
[ 2510823ms] [ERROR] Failed to load resource: net::ERR_CONNECTION_REFUSED @ http://localhost:4181/api/live/matches/2026-033-netherlands-vs-sweden/snapshot?force_refresh=true:0
[ 2520826ms] [ERROR] Failed to load resource: net::ERR_CONNECTION_REFUSED @ http://localhost:4181/api/live/matches/2026-033-netherlands-vs-sweden/snapshot?force_refresh=true:0
[ 2530829ms] [ERROR] Failed to load resource: net::ERR_CONNECTION_REFUSED @ http://localhost:4181/api/live/matches/2026-033-netherlands-vs-sweden/snapshot?force_refresh=true:0
[ 2540831ms] [ERROR] Failed to load resource: net::ERR_CONNECTION_REFUSED @ http://localhost:4181/api/live/matches/2026-033-netherlands-vs-sweden/snapshot?force_refresh=true:0
[ 2550835ms] [ERROR] Failed to load resource: net::ERR_CONNECTION_REFUSED @ http://localhost:4181/api/live/matches/2026-033-netherlands-vs-sweden/snapshot?force_refresh=true:0
[ 2560838ms] [ERROR] Failed to load resource: net::ERR_CONNECTION_REFUSED @ http://localhost:4181/api/live/matches/2026-033-netherlands-vs-sweden/snapshot?force_refresh=true:0
[ 2570841ms] [ERROR] Failed to load resource: net::ERR_CONNECTION_REFUSED @ http://localhost:4181/api/live/matches/2026-033-netherlands-vs-sweden/snapshot?force_refresh=true:0
[ 2580844ms] [ERROR] Failed to load resource: net::ERR_CONNECTION_REFUSED @ http://localhost:4181/api/live/matches/2026-033-netherlands-vs-sweden/snapshot?force_refresh=true:0
[ 2590847ms] [ERROR] Failed to load resource: net::ERR_CONNECTION_REFUSED @ http://localhost:4181/api/live/matches/2026-033-netherlands-vs-sweden/snapshot?force_refresh=true:0
[ 2600781ms] [ERROR] Failed to load resource: net::ERR_CONNECTION_REFUSED @ http://localhost:4181/api/live/matches/2026-033-netherlands-vs-sweden/snapshot?force_refresh=true:0
[ 2610784ms] [ERROR] Failed to load resource: net::ERR_CONNECTION_REFUSED @ http://localhost:4181/api/live/matches/2026-033-netherlands-vs-sweden/snapshot?force_refresh=true:0
[ 2620787ms] [ERROR] Failed to load resource: net::ERR_CONNECTION_REFUSED @ http://localhost:4181/api/live/matches/2026-033-netherlands-vs-sweden/snapshot?force_refresh=true:0
[ 2630790ms] [ERROR] Failed to load resource: net::ERR_CONNECTION_REFUSED @ http://localhost:4181/api/live/matches/2026-033-netherlands-vs-sweden/snapshot?force_refresh=true:0
[ 2640793ms] [ERROR] Failed to load resource: net::ERR_CONNECTION_REFUSED @ http://localhost:4181/api/live/matches/2026-033-netherlands-vs-sweden/snapshot?force_refresh=true:0
[ 2650796ms] [ERROR] Failed to load resource: net::ERR_CONNECTION_REFUSED @ http://localhost:4181/api/live/matches/2026-033-netherlands-vs-sweden/snapshot?force_refresh=true:0
[ 2660799ms] [ERROR] Failed to load resource: net::ERR_CONNECTION_REFUSED @ http://localhost:4181/api/live/matches/2026-033-netherlands-vs-sweden/snapshot?force_refresh=true:0
[ 2670801ms] [ERROR] Failed to load resource: net::ERR_CONNECTION_REFUSED @ http://localhost:4181/api/live/matches/2026-033-netherlands-vs-sweden/snapshot?force_refresh=true:0
[ 2680805ms] [ERROR] Failed to load resource: net::ERR_CONNECTION_REFUSED @ http://localhost:4181/api/live/matches/2026-033-netherlands-vs-sweden/snapshot?force_refresh=true:0
[ 2690807ms] [ERROR] Failed to load resource: net::ERR_CONNECTION_REFUSED @ http://localhost:4181/api/live/matches/2026-033-netherlands-vs-sweden/snapshot?force_refresh=true:0
[ 2700810ms] [ERROR] Failed to load resource: net::ERR_CONNECTION_REFUSED @ http://localhost:4181/api/live/matches/2026-033-netherlands-vs-sweden/snapshot?force_refresh=true:0
[ 2710813ms] [ERROR] Failed to load resource: net::ERR_CONNECTION_REFUSED @ http://localhost:4181/api/live/matches/2026-033-netherlands-vs-sweden/snapshot?force_refresh=true:0
[ 2720816ms] [ERROR] Failed to load resource: net::ERR_CONNECTION_REFUSED @ http://localhost:4181/api/live/matches/2026-033-netherlands-vs-sweden/snapshot?force_refresh=true:0
[ 2730820ms] [ERROR] Failed to load resource: net::ERR_CONNECTION_REFUSED @ http://localhost:4181/api/live/matches/2026-033-netherlands-vs-sweden/snapshot?force_refresh=true:0
[ 2740823ms] [ERROR] Failed to load resource: net::ERR_CONNECTION_REFUSED @ http://localhost:4181/api/live/matches/2026-033-netherlands-vs-sweden/snapshot?force_refresh=true:0
[ 2750826ms] [ERROR] Failed to load resource: net::ERR_CONNECTION_REFUSED @ http://localhost:4181/api/live/matches/2026-033-netherlands-vs-sweden/snapshot?force_refresh=true:0
[ 2760828ms] [ERROR] Failed to load resource: net::ERR_CONNECTION_REFUSED @ http://localhost:4181/api/live/matches/2026-033-netherlands-vs-sweden/snapshot?force_refresh=true:0
[ 2770831ms] [ERROR] Failed to load resource: net::ERR_CONNECTION_REFUSED @ http://localhost:4181/api/live/matches/2026-033-netherlands-vs-sweden/snapshot?force_refresh=true:0
[ 2780833ms] [ERROR] Failed to load resource: net::ERR_CONNECTION_REFUSED @ http://localhost:4181/api/live/matches/2026-033-netherlands-vs-sweden/snapshot?force_refresh=true:0
[ 2790835ms] [ERROR] Failed to load resource: net::ERR_CONNECTION_REFUSED @ http://localhost:4181/api/live/matches/2026-033-netherlands-vs-sweden/snapshot?force_refresh=true:0
[ 2800837ms] [ERROR] Failed to load resource: net::ERR_CONNECTION_REFUSED @ http://localhost:4181/api/live/matches/2026-033-netherlands-vs-sweden/snapshot?force_refresh=true:0
[ 2810840ms] [ERROR] Failed to load resource: net::ERR_CONNECTION_REFUSED @ http://localhost:4181/api/live/matches/2026-033-netherlands-vs-sweden/snapshot?force_refresh=true:0
[ 2820843ms] [ERROR] Failed to load resource: net::ERR_CONNECTION_REFUSED @ http://localhost:4181/api/live/matches/2026-033-netherlands-vs-sweden/snapshot?force_refresh=true:0
[ 2830845ms] [ERROR] Failed to load resource: net::ERR_CONNECTION_REFUSED @ http://localhost:4181/api/live/matches/2026-033-netherlands-vs-sweden/snapshot?force_refresh=true:0
[ 2840847ms] [ERROR] Failed to load resource: net::ERR_CONNECTION_REFUSED @ http://localhost:4181/api/live/matches/2026-033-netherlands-vs-sweden/snapshot?force_refresh=true:0
[ 2850850ms] [ERROR] Failed to load resource: net::ERR_CONNECTION_REFUSED @ http://localhost:4181/api/live/matches/2026-033-netherlands-vs-sweden/snapshot?force_refresh=true:0
[ 2860853ms] [ERROR] Failed to load resource: net::ERR_CONNECTION_REFUSED @ http://localhost:4181/api/live/matches/2026-033-netherlands-vs-sweden/snapshot?force_refresh=true:0
[ 2870856ms] [ERROR] Failed to load resource: net::ERR_CONNECTION_REFUSED @ http://localhost:4181/api/live/matches/2026-033-netherlands-vs-sweden/snapshot?force_refresh=true:0
[ 2880859ms] [ERROR] Failed to load resource: net::ERR_CONNECTION_REFUSED @ http://localhost:4181/api/live/matches/2026-033-netherlands-vs-sweden/snapshot?force_refresh=true:0
[ 2890863ms] [ERROR] Failed to load resource: net::ERR_CONNECTION_REFUSED @ http://localhost:4181/api/live/matches/2026-033-netherlands-vs-sweden/snapshot?force_refresh=true:0
[ 2900867ms] [ERROR] Failed to load resource: net::ERR_CONNECTION_REFUSED @ http://localhost:4181/api/live/matches/2026-033-netherlands-vs-sweden/snapshot?force_refresh=true:0
[ 2910870ms] [ERROR] Failed to load resource: net::ERR_CONNECTION_REFUSED @ http://localhost:4181/api/live/matches/2026-033-netherlands-vs-sweden/snapshot?force_refresh=true:0
[ 2920872ms] [ERROR] Failed to load resource: net::ERR_CONNECTION_REFUSED @ http://localhost:4181/api/live/matches/2026-033-netherlands-vs-sweden/snapshot?force_refresh=true:0
[ 2930876ms] [ERROR] Failed to load resource: net::ERR_CONNECTION_REFUSED @ http://localhost:4181/api/live/matches/2026-033-netherlands-vs-sweden/snapshot?force_refresh=true:0
[ 2940878ms] [ERROR] Failed to load resource: net::ERR_CONNECTION_REFUSED @ http://localhost:4181/api/live/matches/2026-033-netherlands-vs-sweden/snapshot?force_refresh=true:0
[ 2950882ms] [ERROR] Failed to load resource: net::ERR_CONNECTION_REFUSED @ http://localhost:4181/api/live/matches/2026-033-netherlands-vs-sweden/snapshot?force_refresh=true:0
[ 2960883ms] [ERROR] Failed to load resource: net::ERR_CONNECTION_REFUSED @ http://localhost:4181/api/live/matches/2026-033-netherlands-vs-sweden/snapshot?force_refresh=true:0
[ 2970888ms] [ERROR] Failed to load resource: net::ERR_CONNECTION_REFUSED @ http://localhost:4181/api/live/matches/2026-033-netherlands-vs-sweden/snapshot?force_refresh=true:0
[ 2980890ms] [ERROR] Failed to load resource: net::ERR_CONNECTION_REFUSED @ http://localhost:4181/api/live/matches/2026-033-netherlands-vs-sweden/snapshot?force_refresh=true:0
[ 2990893ms] [ERROR] Failed to load resource: net::ERR_CONNECTION_REFUSED @ http://localhost:4181/api/live/matches/2026-033-netherlands-vs-sweden/snapshot?force_refresh=true:0
[ 3000895ms] [ERROR] Failed to load resource: net::ERR_CONNECTION_REFUSED @ http://localhost:4181/api/live/matches/2026-033-netherlands-vs-sweden/snapshot?force_refresh=true:0
[ 3010898ms] [ERROR] Failed to load resource: net::ERR_CONNECTION_REFUSED @ http://localhost:4181/api/live/matches/2026-033-netherlands-vs-sweden/snapshot?force_refresh=true:0
[ 3020900ms] [ERROR] Failed to load resource: net::ERR_CONNECTION_REFUSED @ http://localhost:4181/api/live/matches/2026-033-netherlands-vs-sweden/snapshot?force_refresh=true:0
[ 3030905ms] [ERROR] Failed to load resource: net::ERR_CONNECTION_REFUSED @ http://localhost:4181/api/live/matches/2026-033-netherlands-vs-sweden/snapshot?force_refresh=true:0
[ 3040906ms] [ERROR] Failed to load resource: net::ERR_CONNECTION_REFUSED @ http://localhost:4181/api/live/matches/2026-033-netherlands-vs-sweden/snapshot?force_refresh=true:0
[ 3050908ms] [ERROR] Failed to load resource: net::ERR_CONNECTION_REFUSED @ http://localhost:4181/api/live/matches/2026-033-netherlands-vs-sweden/snapshot?force_refresh=true:0
[ 3060911ms] [ERROR] Failed to load resource: net::ERR_CONNECTION_REFUSED @ http://localhost:4181/api/live/matches/2026-033-netherlands-vs-sweden/snapshot?force_refresh=true:0
[ 3070913ms] [ERROR] Failed to load resource: net::ERR_CONNECTION_REFUSED @ http://localhost:4181/api/live/matches/2026-033-netherlands-vs-sweden/snapshot?force_refresh=true:0
[ 3080915ms] [ERROR] Failed to load resource: net::ERR_CONNECTION_REFUSED @ http://localhost:4181/api/live/matches/2026-033-netherlands-vs-sweden/snapshot?force_refresh=true:0
[ 3090917ms] [ERROR] Failed to load resource: net::ERR_CONNECTION_REFUSED @ http://localhost:4181/api/live/matches/2026-033-netherlands-vs-sweden/snapshot?force_refresh=true:0
[ 3100920ms] [ERROR] Failed to load resource: net::ERR_CONNECTION_REFUSED @ http://localhost:4181/api/live/matches/2026-033-netherlands-vs-sweden/snapshot?force_refresh=true:0
[ 3110922ms] [ERROR] Failed to load resource: net::ERR_CONNECTION_REFUSED @ http://localhost:4181/api/live/matches/2026-033-netherlands-vs-sweden/snapshot?force_refresh=true:0
[ 3120925ms] [ERROR] Failed to load resource: net::ERR_CONNECTION_REFUSED @ http://localhost:4181/api/live/matches/2026-033-netherlands-vs-sweden/snapshot?force_refresh=true:0
[ 3130927ms] [ERROR] Failed to load resource: net::ERR_CONNECTION_REFUSED @ http://localhost:4181/api/live/matches/2026-033-netherlands-vs-sweden/snapshot?force_refresh=true:0
[ 3140929ms] [ERROR] Failed to load resource: net::ERR_CONNECTION_REFUSED @ http://localhost:4181/api/live/matches/2026-033-netherlands-vs-sweden/snapshot?force_refresh=true:0
[ 3150932ms] [ERROR] Failed to load resource: net::ERR_CONNECTION_REFUSED @ http://localhost:4181/api/live/matches/2026-033-netherlands-vs-sweden/snapshot?force_refresh=true:0
[ 3160934ms] [ERROR] Failed to load resource: net::ERR_CONNECTION_REFUSED @ http://localhost:4181/api/live/matches/2026-033-netherlands-vs-sweden/snapshot?force_refresh=true:0
[ 3170938ms] [ERROR] Failed to load resource: net::ERR_CONNECTION_REFUSED @ http://localhost:4181/api/live/matches/2026-033-netherlands-vs-sweden/snapshot?force_refresh=true:0
[ 3180940ms] [ERROR] Failed to load resource: net::ERR_CONNECTION_REFUSED @ http://localhost:4181/api/live/matches/2026-033-netherlands-vs-sweden/snapshot?force_refresh=true:0
[ 3190942ms] [ERROR] Failed to load resource: net::ERR_CONNECTION_REFUSED @ http://localhost:4181/api/live/matches/2026-033-netherlands-vs-sweden/snapshot?force_refresh=true:0
[ 3200945ms] [ERROR] Failed to load resource: net::ERR_CONNECTION_REFUSED @ http://localhost:4181/api/live/matches/2026-033-netherlands-vs-sweden/snapshot?force_refresh=true:0
[ 3210949ms] [ERROR] Failed to load resource: net::ERR_CONNECTION_REFUSED @ http://localhost:4181/api/live/matches/2026-033-netherlands-vs-sweden/snapshot?force_refresh=true:0
[ 3220952ms] [ERROR] Failed to load resource: net::ERR_CONNECTION_REFUSED @ http://localhost:4181/api/live/matches/2026-033-netherlands-vs-sweden/snapshot?force_refresh=true:0
[ 3230955ms] [ERROR] Failed to load resource: net::ERR_CONNECTION_REFUSED @ http://localhost:4181/api/live/matches/2026-033-netherlands-vs-sweden/snapshot?force_refresh=true:0
[ 3240958ms] [ERROR] Failed to load resource: net::ERR_CONNECTION_REFUSED @ http://localhost:4181/api/live/matches/2026-033-netherlands-vs-sweden/snapshot?force_refresh=true:0
[ 3250960ms] [ERROR] Failed to load resource: net::ERR_CONNECTION_REFUSED @ http://localhost:4181/api/live/matches/2026-033-netherlands-vs-sweden/snapshot?force_refresh=true:0
[ 3260962ms] [ERROR] Failed to load resource: net::ERR_CONNECTION_REFUSED @ http://localhost:4181/api/live/matches/2026-033-netherlands-vs-sweden/snapshot?force_refresh=true:0
[ 3270963ms] [ERROR] Failed to load resource: net::ERR_CONNECTION_REFUSED @ http://localhost:4181/api/live/matches/2026-033-netherlands-vs-sweden/snapshot?force_refresh=true:0
[ 3280965ms] [ERROR] Failed to load resource: net::ERR_CONNECTION_REFUSED @ http://localhost:4181/api/live/matches/2026-033-netherlands-vs-sweden/snapshot?force_refresh=true:0
[ 3290968ms] [ERROR] Failed to load resource: net::ERR_CONNECTION_REFUSED @ http://localhost:4181/api/live/matches/2026-033-netherlands-vs-sweden/snapshot?force_refresh=true:0
[ 3300971ms] [ERROR] Failed to load resource: net::ERR_CONNECTION_REFUSED @ http://localhost:4181/api/live/matches/2026-033-netherlands-vs-sweden/snapshot?force_refresh=true:0
[ 3310973ms] [ERROR] Failed to load resource: net::ERR_CONNECTION_REFUSED @ http://localhost:4181/api/live/matches/2026-033-netherlands-vs-sweden/snapshot?force_refresh=true:0
[ 3320976ms] [ERROR] Failed to load resource: net::ERR_CONNECTION_REFUSED @ http://localhost:4181/api/live/matches/2026-033-netherlands-vs-sweden/snapshot?force_refresh=true:0
[ 3330979ms] [ERROR] Failed to load resource: net::ERR_CONNECTION_REFUSED @ http://localhost:4181/api/live/matches/2026-033-netherlands-vs-sweden/snapshot?force_refresh=true:0
[ 3340983ms] [ERROR] Failed to load resource: net::ERR_CONNECTION_REFUSED @ http://localhost:4181/api/live/matches/2026-033-netherlands-vs-sweden/snapshot?force_refresh=true:0
[ 3350987ms] [ERROR] Failed to load resource: net::ERR_CONNECTION_REFUSED @ http://localhost:4181/api/live/matches/2026-033-netherlands-vs-sweden/snapshot?force_refresh=true:0
[ 3360989ms] [ERROR] Failed to load resource: net::ERR_CONNECTION_REFUSED @ http://localhost:4181/api/live/matches/2026-033-netherlands-vs-sweden/snapshot?force_refresh=true:0
[ 3370994ms] [ERROR] Failed to load resource: net::ERR_CONNECTION_REFUSED @ http://localhost:4181/api/live/matches/2026-033-netherlands-vs-sweden/snapshot?force_refresh=true:0
[ 3380997ms] [ERROR] Failed to load resource: net::ERR_CONNECTION_REFUSED @ http://localhost:4181/api/live/matches/2026-033-netherlands-vs-sweden/snapshot?force_refresh=true:0
[ 3391000ms] [ERROR] Failed to load resource: net::ERR_CONNECTION_REFUSED @ http://localhost:4181/api/live/matches/2026-033-netherlands-vs-sweden/snapshot?force_refresh=true:0
[ 3401004ms] [ERROR] Failed to load resource: net::ERR_CONNECTION_REFUSED @ http://localhost:4181/api/live/matches/2026-033-netherlands-vs-sweden/snapshot?force_refresh=true:0
[ 3411006ms] [ERROR] Failed to load resource: net::ERR_CONNECTION_REFUSED @ http://localhost:4181/api/live/matches/2026-033-netherlands-vs-sweden/snapshot?force_refresh=true:0
[ 3421010ms] [ERROR] Failed to load resource: net::ERR_CONNECTION_REFUSED @ http://localhost:4181/api/live/matches/2026-033-netherlands-vs-sweden/snapshot?force_refresh=true:0
[ 3431012ms] [ERROR] Failed to load resource: net::ERR_CONNECTION_REFUSED @ http://localhost:4181/api/live/matches/2026-033-netherlands-vs-sweden/snapshot?force_refresh=true:0
[ 3441014ms] [ERROR] Failed to load resource: net::ERR_CONNECTION_REFUSED @ http://localhost:4181/api/live/matches/2026-033-netherlands-vs-sweden/snapshot?force_refresh=true:0
[ 3451017ms] [ERROR] Failed to load resource: net::ERR_CONNECTION_REFUSED @ http://localhost:4181/api/live/matches/2026-033-netherlands-vs-sweden/snapshot?force_refresh=true:0
[ 3461020ms] [ERROR] Failed to load resource: net::ERR_CONNECTION_REFUSED @ http://localhost:4181/api/live/matches/2026-033-netherlands-vs-sweden/snapshot?force_refresh=true:0
[ 3471022ms] [ERROR] Failed to load resource: net::ERR_CONNECTION_REFUSED @ http://localhost:4181/api/live/matches/2026-033-netherlands-vs-sweden/snapshot?force_refresh=true:0
[ 3481027ms] [ERROR] Failed to load resource: net::ERR_CONNECTION_REFUSED @ http://localhost:4181/api/live/matches/2026-033-netherlands-vs-sweden/snapshot?force_refresh=true:0
[ 3491029ms] [ERROR] Failed to load resource: net::ERR_CONNECTION_REFUSED @ http://localhost:4181/api/live/matches/2026-033-netherlands-vs-sweden/snapshot?force_refresh=true:0
[ 3501032ms] [ERROR] Failed to load resource: net::ERR_CONNECTION_REFUSED @ http://localhost:4181/api/live/matches/2026-033-netherlands-vs-sweden/snapshot?force_refresh=true:0
[ 3511038ms] [ERROR] Failed to load resource: net::ERR_CONNECTION_REFUSED @ http://localhost:4181/api/live/matches/2026-033-netherlands-vs-sweden/snapshot?force_refresh=true:0
[ 3521041ms] [ERROR] Failed to load resource: net::ERR_CONNECTION_REFUSED @ http://localhost:4181/api/live/matches/2026-033-netherlands-vs-sweden/snapshot?force_refresh=true:0
[ 3531045ms] [ERROR] Failed to load resource: net::ERR_CONNECTION_REFUSED @ http://localhost:4181/api/live/matches/2026-033-netherlands-vs-sweden/snapshot?force_refresh=true:0
[ 3541048ms] [ERROR] Failed to load resource: net::ERR_CONNECTION_REFUSED @ http://localhost:4181/api/live/matches/2026-033-netherlands-vs-sweden/snapshot?force_refresh=true:0
[ 3551051ms] [ERROR] Failed to load resource: net::ERR_CONNECTION_REFUSED @ http://localhost:4181/api/live/matches/2026-033-netherlands-vs-sweden/snapshot?force_refresh=true:0
[ 3561054ms] [ERROR] Failed to load resource: net::ERR_CONNECTION_REFUSED @ http://localhost:4181/api/live/matches/2026-033-netherlands-vs-sweden/snapshot?force_refresh=true:0
[ 3571057ms] [ERROR] Failed to load resource: net::ERR_CONNECTION_REFUSED @ http://localhost:4181/api/live/matches/2026-033-netherlands-vs-sweden/snapshot?force_refresh=true:0
[ 3581061ms] [ERROR] Failed to load resource: net::ERR_CONNECTION_REFUSED @ http://localhost:4181/api/live/matches/2026-033-netherlands-vs-sweden/snapshot?force_refresh=true:0
[ 3591064ms] [ERROR] Failed to load resource: net::ERR_CONNECTION_REFUSED @ http://localhost:4181/api/live/matches/2026-033-netherlands-vs-sweden/snapshot?force_refresh=true:0
[ 3601067ms] [ERROR] Failed to load resource: net::ERR_CONNECTION_REFUSED @ http://localhost:4181/api/live/matches/2026-033-netherlands-vs-sweden/snapshot?force_refresh=true:0
[ 3611071ms] [ERROR] Failed to load resource: net::ERR_CONNECTION_REFUSED @ http://localhost:4181/api/live/matches/2026-033-netherlands-vs-sweden/snapshot?force_refresh=true:0
[ 3621073ms] [ERROR] Failed to load resource: net::ERR_CONNECTION_REFUSED @ http://localhost:4181/api/live/matches/2026-033-netherlands-vs-sweden/snapshot?force_refresh=true:0
[ 3631076ms] [ERROR] Failed to load resource: net::ERR_CONNECTION_REFUSED @ http://localhost:4181/api/live/matches/2026-033-netherlands-vs-sweden/snapshot?force_refresh=true:0
[ 3641078ms] [ERROR] Failed to load resource: net::ERR_CONNECTION_REFUSED @ http://localhost:4181/api/live/matches/2026-033-netherlands-vs-sweden/snapshot?force_refresh=true:0
[ 3651082ms] [ERROR] Failed to load resource: net::ERR_CONNECTION_REFUSED @ http://localhost:4181/api/live/matches/2026-033-netherlands-vs-sweden/snapshot?force_refresh=true:0
[ 3661085ms] [ERROR] Failed to load resource: net::ERR_CONNECTION_REFUSED @ http://localhost:4181/api/live/matches/2026-033-netherlands-vs-sweden/snapshot?force_refresh=true:0
[ 3671088ms] [ERROR] Failed to load resource: net::ERR_CONNECTION_REFUSED @ http://localhost:4181/api/live/matches/2026-033-netherlands-vs-sweden/snapshot?force_refresh=true:0
[ 3681091ms] [ERROR] Failed to load resource: net::ERR_CONNECTION_REFUSED @ http://localhost:4181/api/live/matches/2026-033-netherlands-vs-sweden/snapshot?force_refresh=true:0
[ 3691094ms] [ERROR] Failed to load resource: net::ERR_CONNECTION_REFUSED @ http://localhost:4181/api/live/matches/2026-033-netherlands-vs-sweden/snapshot?force_refresh=true:0
[ 3701097ms] [ERROR] Failed to load resource: net::ERR_CONNECTION_REFUSED @ http://localhost:4181/api/live/matches/2026-033-netherlands-vs-sweden/snapshot?force_refresh=true:0
[ 3711099ms] [ERROR] Failed to load resource: net::ERR_CONNECTION_REFUSED @ http://localhost:4181/api/live/matches/2026-033-netherlands-vs-sweden/snapshot?force_refresh=true:0
[ 3721103ms] [ERROR] Failed to load resource: net::ERR_CONNECTION_REFUSED @ http://localhost:4181/api/live/matches/2026-033-netherlands-vs-sweden/snapshot?force_refresh=true:0
[ 3731106ms] [ERROR] Failed to load resource: net::ERR_CONNECTION_REFUSED @ http://localhost:4181/api/live/matches/2026-033-netherlands-vs-sweden/snapshot?force_refresh=true:0
[ 3741109ms] [ERROR] Failed to load resource: net::ERR_CONNECTION_REFUSED @ http://localhost:4181/api/live/matches/2026-033-netherlands-vs-sweden/snapshot?force_refresh=true:0
[ 3751113ms] [ERROR] Failed to load resource: net::ERR_CONNECTION_REFUSED @ http://localhost:4181/api/live/matches/2026-033-netherlands-vs-sweden/snapshot?force_refresh=true:0
[ 3761116ms] [ERROR] Failed to load resource: net::ERR_CONNECTION_REFUSED @ http://localhost:4181/api/live/matches/2026-033-netherlands-vs-sweden/snapshot?force_refresh=true:0
[ 3771119ms] [ERROR] Failed to load resource: net::ERR_CONNECTION_REFUSED @ http://localhost:4181/api/live/matches/2026-033-netherlands-vs-sweden/snapshot?force_refresh=true:0
[ 3781122ms] [ERROR] Failed to load resource: net::ERR_CONNECTION_REFUSED @ http://localhost:4181/api/live/matches/2026-033-netherlands-vs-sweden/snapshot?force_refresh=true:0
[ 3791125ms] [ERROR] Failed to load resource: net::ERR_CONNECTION_REFUSED @ http://localhost:4181/api/live/matches/2026-033-netherlands-vs-sweden/snapshot?force_refresh=true:0
[ 3801128ms] [ERROR] Failed to load resource: net::ERR_CONNECTION_REFUSED @ http://localhost:4181/api/live/matches/2026-033-netherlands-vs-sweden/snapshot?force_refresh=true:0
[ 3811132ms] [ERROR] Failed to load resource: net::ERR_CONNECTION_REFUSED @ http://localhost:4181/api/live/matches/2026-033-netherlands-vs-sweden/snapshot?force_refresh=true:0
[ 3821134ms] [ERROR] Failed to load resource: net::ERR_CONNECTION_REFUSED @ http://localhost:4181/api/live/matches/2026-033-netherlands-vs-sweden/snapshot?force_refresh=true:0
[ 3831137ms] [ERROR] Failed to load resource: net::ERR_CONNECTION_REFUSED @ http://localhost:4181/api/live/matches/2026-033-netherlands-vs-sweden/snapshot?force_refresh=true:0
[ 3841140ms] [ERROR] Failed to load resource: net::ERR_CONNECTION_REFUSED @ http://localhost:4181/api/live/matches/2026-033-netherlands-vs-sweden/snapshot?force_refresh=true:0
[ 3851143ms] [ERROR] Failed to load resource: net::ERR_CONNECTION_REFUSED @ http://localhost:4181/api/live/matches/2026-033-netherlands-vs-sweden/snapshot?force_refresh=true:0
[ 3861145ms] [ERROR] Failed to load resource: net::ERR_CONNECTION_REFUSED @ http://localhost:4181/api/live/matches/2026-033-netherlands-vs-sweden/snapshot?force_refresh=true:0
[ 3871148ms] [ERROR] Failed to load resource: net::ERR_CONNECTION_REFUSED @ http://localhost:4181/api/live/matches/2026-033-netherlands-vs-sweden/snapshot?force_refresh=true:0
[ 3881151ms] [ERROR] Failed to load resource: net::ERR_CONNECTION_REFUSED @ http://localhost:4181/api/live/matches/2026-033-netherlands-vs-sweden/snapshot?force_refresh=true:0
[ 3891153ms] [ERROR] Failed to load resource: net::ERR_CONNECTION_REFUSED @ http://localhost:4181/api/live/matches/2026-033-netherlands-vs-sweden/snapshot?force_refresh=true:0
[ 3901156ms] [ERROR] Failed to load resource: net::ERR_CONNECTION_REFUSED @ http://localhost:4181/api/live/matches/2026-033-netherlands-vs-sweden/snapshot?force_refresh=true:0
[ 3911159ms] [ERROR] Failed to load resource: net::ERR_CONNECTION_REFUSED @ http://localhost:4181/api/live/matches/2026-033-netherlands-vs-sweden/snapshot?force_refresh=true:0
[ 3921162ms] [ERROR] Failed to load resource: net::ERR_CONNECTION_REFUSED @ http://localhost:4181/api/live/matches/2026-033-netherlands-vs-sweden/snapshot?force_refresh=true:0
[ 3931164ms] [ERROR] Failed to load resource: net::ERR_CONNECTION_REFUSED @ http://localhost:4181/api/live/matches/2026-033-netherlands-vs-sweden/snapshot?force_refresh=true:0
[ 3941168ms] [ERROR] Failed to load resource: net::ERR_CONNECTION_REFUSED @ http://localhost:4181/api/live/matches/2026-033-netherlands-vs-sweden/snapshot?force_refresh=true:0
[ 3951172ms] [ERROR] Failed to load resource: net::ERR_CONNECTION_REFUSED @ http://localhost:4181/api/live/matches/2026-033-netherlands-vs-sweden/snapshot?force_refresh=true:0
[ 3961174ms] [ERROR] Failed to load resource: net::ERR_CONNECTION_REFUSED @ http://localhost:4181/api/live/matches/2026-033-netherlands-vs-sweden/snapshot?force_refresh=true:0
[ 3971177ms] [ERROR] Failed to load resource: net::ERR_CONNECTION_REFUSED @ http://localhost:4181/api/live/matches/2026-033-netherlands-vs-sweden/snapshot?force_refresh=true:0
[ 3981180ms] [ERROR] Failed to load resource: net::ERR_CONNECTION_REFUSED @ http://localhost:4181/api/live/matches/2026-033-netherlands-vs-sweden/snapshot?force_refresh=true:0
[ 3991183ms] [ERROR] Failed to load resource: net::ERR_CONNECTION_REFUSED @ http://localhost:4181/api/live/matches/2026-033-netherlands-vs-sweden/snapshot?force_refresh=true:0
[ 4001185ms] [ERROR] Failed to load resource: net::ERR_CONNECTION_REFUSED @ http://localhost:4181/api/live/matches/2026-033-netherlands-vs-sweden/snapshot?force_refresh=true:0
[ 4011187ms] [ERROR] Failed to load resource: net::ERR_CONNECTION_REFUSED @ http://localhost:4181/api/live/matches/2026-033-netherlands-vs-sweden/snapshot?force_refresh=true:0
[ 4021189ms] [ERROR] Failed to load resource: net::ERR_CONNECTION_REFUSED @ http://localhost:4181/api/live/matches/2026-033-netherlands-vs-sweden/snapshot?force_refresh=true:0
[ 4031192ms] [ERROR] Failed to load resource: net::ERR_CONNECTION_REFUSED @ http://localhost:4181/api/live/matches/2026-033-netherlands-vs-sweden/snapshot?force_refresh=true:0
[ 4041196ms] [ERROR] Failed to load resource: net::ERR_CONNECTION_REFUSED @ http://localhost:4181/api/live/matches/2026-033-netherlands-vs-sweden/snapshot?force_refresh=true:0
[ 4051200ms] [ERROR] Failed to load resource: net::ERR_CONNECTION_REFUSED @ http://localhost:4181/api/live/matches/2026-033-netherlands-vs-sweden/snapshot?force_refresh=true:0
[ 4061203ms] [ERROR] Failed to load resource: net::ERR_CONNECTION_REFUSED @ http://localhost:4181/api/live/matches/2026-033-netherlands-vs-sweden/snapshot?force_refresh=true:0
[ 4071206ms] [ERROR] Failed to load resource: net::ERR_CONNECTION_REFUSED @ http://localhost:4181/api/live/matches/2026-033-netherlands-vs-sweden/snapshot?force_refresh=true:0
[ 4081210ms] [ERROR] Failed to load resource: net::ERR_CONNECTION_REFUSED @ http://localhost:4181/api/live/matches/2026-033-netherlands-vs-sweden/snapshot?force_refresh=true:0
[ 4091214ms] [ERROR] Failed to load resource: net::ERR_CONNECTION_REFUSED @ http://localhost:4181/api/live/matches/2026-033-netherlands-vs-sweden/snapshot?force_refresh=true:0
[ 4101217ms] [ERROR] Failed to load resource: net::ERR_CONNECTION_REFUSED @ http://localhost:4181/api/live/matches/2026-033-netherlands-vs-sweden/snapshot?force_refresh=true:0
[ 4111219ms] [ERROR] Failed to load resource: net::ERR_CONNECTION_REFUSED @ http://localhost:4181/api/live/matches/2026-033-netherlands-vs-sweden/snapshot?force_refresh=true:0
[ 4121222ms] [ERROR] Failed to load resource: net::ERR_CONNECTION_REFUSED @ http://localhost:4181/api/live/matches/2026-033-netherlands-vs-sweden/snapshot?force_refresh=true:0
[ 4131225ms] [ERROR] Failed to load resource: net::ERR_CONNECTION_REFUSED @ http://localhost:4181/api/live/matches/2026-033-netherlands-vs-sweden/snapshot?force_refresh=true:0
[ 4141228ms] [ERROR] Failed to load resource: net::ERR_CONNECTION_REFUSED @ http://localhost:4181/api/live/matches/2026-033-netherlands-vs-sweden/snapshot?force_refresh=true:0
[ 4151231ms] [ERROR] Failed to load resource: net::ERR_CONNECTION_REFUSED @ http://localhost:4181/api/live/matches/2026-033-netherlands-vs-sweden/snapshot?force_refresh=true:0
[ 4161234ms] [ERROR] Failed to load resource: net::ERR_CONNECTION_REFUSED @ http://localhost:4181/api/live/matches/2026-033-netherlands-vs-sweden/snapshot?force_refresh=true:0
[ 4171236ms] [ERROR] Failed to load resource: net::ERR_CONNECTION_REFUSED @ http://localhost:4181/api/live/matches/2026-033-netherlands-vs-sweden/snapshot?force_refresh=true:0
[ 4181239ms] [ERROR] Failed to load resource: net::ERR_CONNECTION_REFUSED @ http://localhost:4181/api/live/matches/2026-033-netherlands-vs-sweden/snapshot?force_refresh=true:0
[ 4191242ms] [ERROR] Failed to load resource: net::ERR_CONNECTION_REFUSED @ http://localhost:4181/api/live/matches/2026-033-netherlands-vs-sweden/snapshot?force_refresh=true:0
[ 4201246ms] [ERROR] Failed to load resource: net::ERR_CONNECTION_REFUSED @ http://localhost:4181/api/live/matches/2026-033-netherlands-vs-sweden/snapshot?force_refresh=true:0
[ 4211250ms] [ERROR] Failed to load resource: net::ERR_CONNECTION_REFUSED @ http://localhost:4181/api/live/matches/2026-033-netherlands-vs-sweden/snapshot?force_refresh=true:0
[ 4221253ms] [ERROR] Failed to load resource: net::ERR_CONNECTION_REFUSED @ http://localhost:4181/api/live/matches/2026-033-netherlands-vs-sweden/snapshot?force_refresh=true:0
[ 4231256ms] [ERROR] Failed to load resource: net::ERR_CONNECTION_REFUSED @ http://localhost:4181/api/live/matches/2026-033-netherlands-vs-sweden/snapshot?force_refresh=true:0
[ 4241261ms] [ERROR] Failed to load resource: net::ERR_CONNECTION_REFUSED @ http://localhost:4181/api/live/matches/2026-033-netherlands-vs-sweden/snapshot?force_refresh=true:0
[ 4251264ms] [ERROR] Failed to load resource: net::ERR_CONNECTION_REFUSED @ http://localhost:4181/api/live/matches/2026-033-netherlands-vs-sweden/snapshot?force_refresh=true:0
[ 4261267ms] [ERROR] Failed to load resource: net::ERR_CONNECTION_REFUSED @ http://localhost:4181/api/live/matches/2026-033-netherlands-vs-sweden/snapshot?force_refresh=true:0
[ 4271270ms] [ERROR] Failed to load resource: net::ERR_CONNECTION_REFUSED @ http://localhost:4181/api/live/matches/2026-033-netherlands-vs-sweden/snapshot?force_refresh=true:0
[ 4281272ms] [ERROR] Failed to load resource: net::ERR_CONNECTION_REFUSED @ http://localhost:4181/api/live/matches/2026-033-netherlands-vs-sweden/snapshot?force_refresh=true:0
[ 4291275ms] [ERROR] Failed to load resource: net::ERR_CONNECTION_REFUSED @ http://localhost:4181/api/live/matches/2026-033-netherlands-vs-sweden/snapshot?force_refresh=true:0
[ 4301278ms] [ERROR] Failed to load resource: net::ERR_CONNECTION_REFUSED @ http://localhost:4181/api/live/matches/2026-033-netherlands-vs-sweden/snapshot?force_refresh=true:0
[ 4311281ms] [ERROR] Failed to load resource: net::ERR_CONNECTION_REFUSED @ http://localhost:4181/api/live/matches/2026-033-netherlands-vs-sweden/snapshot?force_refresh=true:0
[ 4321284ms] [ERROR] Failed to load resource: net::ERR_CONNECTION_REFUSED @ http://localhost:4181/api/live/matches/2026-033-netherlands-vs-sweden/snapshot?force_refresh=true:0
[ 4331288ms] [ERROR] Failed to load resource: net::ERR_CONNECTION_REFUSED @ http://localhost:4181/api/live/matches/2026-033-netherlands-vs-sweden/snapshot?force_refresh=true:0
[ 4341291ms] [ERROR] Failed to load resource: net::ERR_CONNECTION_REFUSED @ http://localhost:4181/api/live/matches/2026-033-netherlands-vs-sweden/snapshot?force_refresh=true:0
[ 4351295ms] [ERROR] Failed to load resource: net::ERR_CONNECTION_REFUSED @ http://localhost:4181/api/live/matches/2026-033-netherlands-vs-sweden/snapshot?force_refresh=true:0
[ 4361298ms] [ERROR] Failed to load resource: net::ERR_CONNECTION_REFUSED @ http://localhost:4181/api/live/matches/2026-033-netherlands-vs-sweden/snapshot?force_refresh=true:0
[ 4371301ms] [ERROR] Failed to load resource: net::ERR_CONNECTION_REFUSED @ http://localhost:4181/api/live/matches/2026-033-netherlands-vs-sweden/snapshot?force_refresh=true:0
[ 4381303ms] [ERROR] Failed to load resource: net::ERR_CONNECTION_REFUSED @ http://localhost:4181/api/live/matches/2026-033-netherlands-vs-sweden/snapshot?force_refresh=true:0
[ 4391306ms] [ERROR] Failed to load resource: net::ERR_CONNECTION_REFUSED @ http://localhost:4181/api/live/matches/2026-033-netherlands-vs-sweden/snapshot?force_refresh=true:0
[ 4401308ms] [ERROR] Failed to load resource: net::ERR_CONNECTION_REFUSED @ http://localhost:4181/api/live/matches/2026-033-netherlands-vs-sweden/snapshot?force_refresh=true:0
[ 4411312ms] [ERROR] Failed to load resource: net::ERR_CONNECTION_REFUSED @ http://localhost:4181/api/live/matches/2026-033-netherlands-vs-sweden/snapshot?force_refresh=true:0
[ 4421315ms] [ERROR] Failed to load resource: net::ERR_CONNECTION_REFUSED @ http://localhost:4181/api/live/matches/2026-033-netherlands-vs-sweden/snapshot?force_refresh=true:0
[ 4431318ms] [ERROR] Failed to load resource: net::ERR_CONNECTION_REFUSED @ http://localhost:4181/api/live/matches/2026-033-netherlands-vs-sweden/snapshot?force_refresh=true:0
[ 4441321ms] [ERROR] Failed to load resource: net::ERR_CONNECTION_REFUSED @ http://localhost:4181/api/live/matches/2026-033-netherlands-vs-sweden/snapshot?force_refresh=true:0
[ 4451323ms] [ERROR] Failed to load resource: net::ERR_CONNECTION_REFUSED @ http://localhost:4181/api/live/matches/2026-033-netherlands-vs-sweden/snapshot?force_refresh=true:0
[ 4461326ms] [ERROR] Failed to load resource: net::ERR_CONNECTION_REFUSED @ http://localhost:4181/api/live/matches/2026-033-netherlands-vs-sweden/snapshot?force_refresh=true:0
[ 4471328ms] [ERROR] Failed to load resource: net::ERR_CONNECTION_REFUSED @ http://localhost:4181/api/live/matches/2026-033-netherlands-vs-sweden/snapshot?force_refresh=true:0
[ 4481331ms] [ERROR] Failed to load resource: net::ERR_CONNECTION_REFUSED @ http://localhost:4181/api/live/matches/2026-033-netherlands-vs-sweden/snapshot?force_refresh=true:0
[ 4491334ms] [ERROR] Failed to load resource: net::ERR_CONNECTION_REFUSED @ http://localhost:4181/api/live/matches/2026-033-netherlands-vs-sweden/snapshot?force_refresh=true:0
[ 4501336ms] [ERROR] Failed to load resource: net::ERR_CONNECTION_REFUSED @ http://localhost:4181/api/live/matches/2026-033-netherlands-vs-sweden/snapshot?force_refresh=true:0
[ 4511340ms] [ERROR] Failed to load resource: net::ERR_CONNECTION_REFUSED @ http://localhost:4181/api/live/matches/2026-033-netherlands-vs-sweden/snapshot?force_refresh=true:0
[ 4521342ms] [ERROR] Failed to load resource: net::ERR_CONNECTION_REFUSED @ http://localhost:4181/api/live/matches/2026-033-netherlands-vs-sweden/snapshot?force_refresh=true:0
[ 4531345ms] [ERROR] Failed to load resource: net::ERR_CONNECTION_REFUSED @ http://localhost:4181/api/live/matches/2026-033-netherlands-vs-sweden/snapshot?force_refresh=true:0
[ 4541347ms] [ERROR] Failed to load resource: net::ERR_CONNECTION_REFUSED @ http://localhost:4181/api/live/matches/2026-033-netherlands-vs-sweden/snapshot?force_refresh=true:0
[ 4551350ms] [ERROR] Failed to load resource: net::ERR_CONNECTION_REFUSED @ http://localhost:4181/api/live/matches/2026-033-netherlands-vs-sweden/snapshot?force_refresh=true:0
[ 4561355ms] [ERROR] Failed to load resource: net::ERR_CONNECTION_REFUSED @ http://localhost:4181/api/live/matches/2026-033-netherlands-vs-sweden/snapshot?force_refresh=true:0
[ 4571358ms] [ERROR] Failed to load resource: net::ERR_CONNECTION_REFUSED @ http://localhost:4181/api/live/matches/2026-033-netherlands-vs-sweden/snapshot?force_refresh=true:0
[ 4581361ms] [ERROR] Failed to load resource: net::ERR_CONNECTION_REFUSED @ http://localhost:4181/api/live/matches/2026-033-netherlands-vs-sweden/snapshot?force_refresh=true:0
[ 4591365ms] [ERROR] Failed to load resource: net::ERR_CONNECTION_REFUSED @ http://localhost:4181/api/live/matches/2026-033-netherlands-vs-sweden/snapshot?force_refresh=true:0
[ 4601367ms] [ERROR] Failed to load resource: net::ERR_CONNECTION_REFUSED @ http://localhost:4181/api/live/matches/2026-033-netherlands-vs-sweden/snapshot?force_refresh=true:0
[ 4611370ms] [ERROR] Failed to load resource: net::ERR_CONNECTION_REFUSED @ http://localhost:4181/api/live/matches/2026-033-netherlands-vs-sweden/snapshot?force_refresh=true:0
[ 4621374ms] [ERROR] Failed to load resource: net::ERR_CONNECTION_REFUSED @ http://localhost:4181/api/live/matches/2026-033-netherlands-vs-sweden/snapshot?force_refresh=true:0
[ 4631376ms] [ERROR] Failed to load resource: net::ERR_CONNECTION_REFUSED @ http://localhost:4181/api/live/matches/2026-033-netherlands-vs-sweden/snapshot?force_refresh=true:0
[ 4641380ms] [ERROR] Failed to load resource: net::ERR_CONNECTION_REFUSED @ http://localhost:4181/api/live/matches/2026-033-netherlands-vs-sweden/snapshot?force_refresh=true:0
[ 4651383ms] [ERROR] Failed to load resource: net::ERR_CONNECTION_REFUSED @ http://localhost:4181/api/live/matches/2026-033-netherlands-vs-sweden/snapshot?force_refresh=true:0
[ 4661387ms] [ERROR] Failed to load resource: net::ERR_CONNECTION_REFUSED @ http://localhost:4181/api/live/matches/2026-033-netherlands-vs-sweden/snapshot?force_refresh=true:0
[ 4671390ms] [ERROR] Failed to load resource: net::ERR_CONNECTION_REFUSED @ http://localhost:4181/api/live/matches/2026-033-netherlands-vs-sweden/snapshot?force_refresh=true:0
[ 4681394ms] [ERROR] Failed to load resource: net::ERR_CONNECTION_REFUSED @ http://localhost:4181/api/live/matches/2026-033-netherlands-vs-sweden/snapshot?force_refresh=true:0
[ 4691396ms] [ERROR] Failed to load resource: net::ERR_CONNECTION_REFUSED @ http://localhost:4181/api/live/matches/2026-033-netherlands-vs-sweden/snapshot?force_refresh=true:0
[ 4701400ms] [ERROR] Failed to load resource: net::ERR_CONNECTION_REFUSED @ http://localhost:4181/api/live/matches/2026-033-netherlands-vs-sweden/snapshot?force_refresh=true:0
[ 4711403ms] [ERROR] Failed to load resource: net::ERR_CONNECTION_REFUSED @ http://localhost:4181/api/live/matches/2026-033-netherlands-vs-sweden/snapshot?force_refresh=true:0
[ 4721406ms] [ERROR] Failed to load resource: net::ERR_CONNECTION_REFUSED @ http://localhost:4181/api/live/matches/2026-033-netherlands-vs-sweden/snapshot?force_refresh=true:0
[ 4731476ms] [ERROR] Failed to load resource: net::ERR_CONNECTION_REFUSED @ http://localhost:4181/api/live/matches/2026-033-netherlands-vs-sweden/snapshot?force_refresh=true:0
[ 4741479ms] [ERROR] Failed to load resource: net::ERR_CONNECTION_REFUSED @ http://localhost:4181/api/live/matches/2026-033-netherlands-vs-sweden/snapshot?force_refresh=true:0
[ 4751483ms] [ERROR] Failed to load resource: net::ERR_CONNECTION_REFUSED @ http://localhost:4181/api/live/matches/2026-033-netherlands-vs-sweden/snapshot?force_refresh=true:0
[ 4761487ms] [ERROR] Failed to load resource: net::ERR_CONNECTION_REFUSED @ http://localhost:4181/api/live/matches/2026-033-netherlands-vs-sweden/snapshot?force_refresh=true:0
[ 4771494ms] [ERROR] Failed to load resource: net::ERR_CONNECTION_REFUSED @ http://localhost:4181/api/live/matches/2026-033-netherlands-vs-sweden/snapshot?force_refresh=true:0
[ 4781497ms] [ERROR] Failed to load resource: net::ERR_CONNECTION_REFUSED @ http://localhost:4181/api/live/matches/2026-033-netherlands-vs-sweden/snapshot?force_refresh=true:0
[ 4791501ms] [ERROR] Failed to load resource: net::ERR_CONNECTION_REFUSED @ http://localhost:4181/api/live/matches/2026-033-netherlands-vs-sweden/snapshot?force_refresh=true:0
[ 4801505ms] [ERROR] Failed to load resource: net::ERR_CONNECTION_REFUSED @ http://localhost:4181/api/live/matches/2026-033-netherlands-vs-sweden/snapshot?force_refresh=true:0
[ 4811507ms] [ERROR] Failed to load resource: net::ERR_CONNECTION_REFUSED @ http://localhost:4181/api/live/matches/2026-033-netherlands-vs-sweden/snapshot?force_refresh=true:0
[ 4821509ms] [ERROR] Failed to load resource: net::ERR_CONNECTION_REFUSED @ http://localhost:4181/api/live/matches/2026-033-netherlands-vs-sweden/snapshot?force_refresh=true:0
[ 4831513ms] [ERROR] Failed to load resource: net::ERR_CONNECTION_REFUSED @ http://localhost:4181/api/live/matches/2026-033-netherlands-vs-sweden/snapshot?force_refresh=true:0
[ 4841517ms] [ERROR] Failed to load resource: net::ERR_CONNECTION_REFUSED @ http://localhost:4181/api/live/matches/2026-033-netherlands-vs-sweden/snapshot?force_refresh=true:0
[ 4851520ms] [ERROR] Failed to load resource: net::ERR_CONNECTION_REFUSED @ http://localhost:4181/api/live/matches/2026-033-netherlands-vs-sweden/snapshot?force_refresh=true:0
[ 4861524ms] [ERROR] Failed to load resource: net::ERR_CONNECTION_REFUSED @ http://localhost:4181/api/live/matches/2026-033-netherlands-vs-sweden/snapshot?force_refresh=true:0
[ 4871527ms] [ERROR] Failed to load resource: net::ERR_CONNECTION_REFUSED @ http://localhost:4181/api/live/matches/2026-033-netherlands-vs-sweden/snapshot?force_refresh=true:0
[ 4881530ms] [ERROR] Failed to load resource: net::ERR_CONNECTION_REFUSED @ http://localhost:4181/api/live/matches/2026-033-netherlands-vs-sweden/snapshot?force_refresh=true:0
[ 4891533ms] [ERROR] Failed to load resource: net::ERR_CONNECTION_REFUSED @ http://localhost:4181/api/live/matches/2026-033-netherlands-vs-sweden/snapshot?force_refresh=true:0
[ 4901535ms] [ERROR] Failed to load resource: net::ERR_CONNECTION_REFUSED @ http://localhost:4181/api/live/matches/2026-033-netherlands-vs-sweden/snapshot?force_refresh=true:0
[ 4911538ms] [ERROR] Failed to load resource: net::ERR_CONNECTION_REFUSED @ http://localhost:4181/api/live/matches/2026-033-netherlands-vs-sweden/snapshot?force_refresh=true:0
[ 4921541ms] [ERROR] Failed to load resource: net::ERR_CONNECTION_REFUSED @ http://localhost:4181/api/live/matches/2026-033-netherlands-vs-sweden/snapshot?force_refresh=true:0
[ 4931544ms] [ERROR] Failed to load resource: net::ERR_CONNECTION_REFUSED @ http://localhost:4181/api/live/matches/2026-033-netherlands-vs-sweden/snapshot?force_refresh=true:0
[ 4941548ms] [ERROR] Failed to load resource: net::ERR_CONNECTION_REFUSED @ http://localhost:4181/api/live/matches/2026-033-netherlands-vs-sweden/snapshot?force_refresh=true:0
[ 4951553ms] [ERROR] Failed to load resource: net::ERR_CONNECTION_REFUSED @ http://localhost:4181/api/live/matches/2026-033-netherlands-vs-sweden/snapshot?force_refresh=true:0
[ 4961556ms] [ERROR] Failed to load resource: net::ERR_CONNECTION_REFUSED @ http://localhost:4181/api/live/matches/2026-033-netherlands-vs-sweden/snapshot?force_refresh=true:0
[ 4971559ms] [ERROR] Failed to load resource: net::ERR_CONNECTION_REFUSED @ http://localhost:4181/api/live/matches/2026-033-netherlands-vs-sweden/snapshot?force_refresh=true:0
[ 4981563ms] [ERROR] Failed to load resource: net::ERR_CONNECTION_REFUSED @ http://localhost:4181/api/live/matches/2026-033-netherlands-vs-sweden/snapshot?force_refresh=true:0
[ 4991566ms] [ERROR] Failed to load resource: net::ERR_CONNECTION_REFUSED @ http://localhost:4181/api/live/matches/2026-033-netherlands-vs-sweden/snapshot?force_refresh=true:0
[ 5001570ms] [ERROR] Failed to load resource: net::ERR_CONNECTION_REFUSED @ http://localhost:4181/api/live/matches/2026-033-netherlands-vs-sweden/snapshot?force_refresh=true:0
[ 5011576ms] [ERROR] Failed to load resource: net::ERR_CONNECTION_REFUSED @ http://localhost:4181/api/live/matches/2026-033-netherlands-vs-sweden/snapshot?force_refresh=true:0
[ 5021579ms] [ERROR] Failed to load resource: net::ERR_CONNECTION_REFUSED @ http://localhost:4181/api/live/matches/2026-033-netherlands-vs-sweden/snapshot?force_refresh=true:0
[ 5031582ms] [ERROR] Failed to load resource: net::ERR_CONNECTION_REFUSED @ http://localhost:4181/api/live/matches/2026-033-netherlands-vs-sweden/snapshot?force_refresh=true:0
[ 5041586ms] [ERROR] Failed to load resource: net::ERR_CONNECTION_REFUSED @ http://localhost:4181/api/live/matches/2026-033-netherlands-vs-sweden/snapshot?force_refresh=true:0
[ 5051589ms] [ERROR] Failed to load resource: net::ERR_CONNECTION_REFUSED @ http://localhost:4181/api/live/matches/2026-033-netherlands-vs-sweden/snapshot?force_refresh=true:0
[ 5061592ms] [ERROR] Failed to load resource: net::ERR_CONNECTION_REFUSED @ http://localhost:4181/api/live/matches/2026-033-netherlands-vs-sweden/snapshot?force_refresh=true:0
[ 5071596ms] [ERROR] Failed to load resource: net::ERR_CONNECTION_REFUSED @ http://localhost:4181/api/live/matches/2026-033-netherlands-vs-sweden/snapshot?force_refresh=true:0
[ 5081598ms] [ERROR] Failed to load resource: net::ERR_CONNECTION_REFUSED @ http://localhost:4181/api/live/matches/2026-033-netherlands-vs-sweden/snapshot?force_refresh=true:0
[ 5091602ms] [ERROR] Failed to load resource: net::ERR_CONNECTION_REFUSED @ http://localhost:4181/api/live/matches/2026-033-netherlands-vs-sweden/snapshot?force_refresh=true:0
[ 5101605ms] [ERROR] Failed to load resource: net::ERR_CONNECTION_REFUSED @ http://localhost:4181/api/live/matches/2026-033-netherlands-vs-sweden/snapshot?force_refresh=true:0
[ 5111609ms] [ERROR] Failed to load resource: net::ERR_CONNECTION_REFUSED @ http://localhost:4181/api/live/matches/2026-033-netherlands-vs-sweden/snapshot?force_refresh=true:0
[ 5121613ms] [ERROR] Failed to load resource: net::ERR_CONNECTION_REFUSED @ http://localhost:4181/api/live/matches/2026-033-netherlands-vs-sweden/snapshot?force_refresh=true:0
[ 5131617ms] [ERROR] Failed to load resource: net::ERR_CONNECTION_REFUSED @ http://localhost:4181/api/live/matches/2026-033-netherlands-vs-sweden/snapshot?force_refresh=true:0
[ 5141620ms] [ERROR] Failed to load resource: net::ERR_CONNECTION_REFUSED @ http://localhost:4181/api/live/matches/2026-033-netherlands-vs-sweden/snapshot?force_refresh=true:0
[ 5151625ms] [ERROR] Failed to load resource: net::ERR_CONNECTION_REFUSED @ http://localhost:4181/api/live/matches/2026-033-netherlands-vs-sweden/snapshot?force_refresh=true:0
[ 5161628ms] [ERROR] Failed to load resource: net::ERR_CONNECTION_REFUSED @ http://localhost:4181/api/live/matches/2026-033-netherlands-vs-sweden/snapshot?force_refresh=true:0
[ 5171632ms] [ERROR] Failed to load resource: net::ERR_CONNECTION_REFUSED @ http://localhost:4181/api/live/matches/2026-033-netherlands-vs-sweden/snapshot?force_refresh=true:0
[ 5181635ms] [ERROR] Failed to load resource: net::ERR_CONNECTION_REFUSED @ http://localhost:4181/api/live/matches/2026-033-netherlands-vs-sweden/snapshot?force_refresh=true:0
[ 5191639ms] [ERROR] Failed to load resource: net::ERR_CONNECTION_REFUSED @ http://localhost:4181/api/live/matches/2026-033-netherlands-vs-sweden/snapshot?force_refresh=true:0
[ 5201641ms] [ERROR] Failed to load resource: net::ERR_CONNECTION_REFUSED @ http://localhost:4181/api/live/matches/2026-033-netherlands-vs-sweden/snapshot?force_refresh=true:0
[ 5211646ms] [ERROR] Failed to load resource: net::ERR_CONNECTION_REFUSED @ http://localhost:4181/api/live/matches/2026-033-netherlands-vs-sweden/snapshot?force_refresh=true:0
[ 5221650ms] [ERROR] Failed to load resource: net::ERR_CONNECTION_REFUSED @ http://localhost:4181/api/live/matches/2026-033-netherlands-vs-sweden/snapshot?force_refresh=true:0
[ 5231654ms] [ERROR] Failed to load resource: net::ERR_CONNECTION_REFUSED @ http://localhost:4181/api/live/matches/2026-033-netherlands-vs-sweden/snapshot?force_refresh=true:0
[ 5241657ms] [ERROR] Failed to load resource: net::ERR_CONNECTION_REFUSED @ http://localhost:4181/api/live/matches/2026-033-netherlands-vs-sweden/snapshot?force_refresh=true:0
[ 5251660ms] [ERROR] Failed to load resource: net::ERR_CONNECTION_REFUSED @ http://localhost:4181/api/live/matches/2026-033-netherlands-vs-sweden/snapshot?force_refresh=true:0
[ 5261664ms] [ERROR] Failed to load resource: net::ERR_CONNECTION_REFUSED @ http://localhost:4181/api/live/matches/2026-033-netherlands-vs-sweden/snapshot?force_refresh=true:0
[ 5271668ms] [ERROR] Failed to load resource: net::ERR_CONNECTION_REFUSED @ http://localhost:4181/api/live/matches/2026-033-netherlands-vs-sweden/snapshot?force_refresh=true:0
[ 5281671ms] [ERROR] Failed to load resource: net::ERR_CONNECTION_REFUSED @ http://localhost:4181/api/live/matches/2026-033-netherlands-vs-sweden/snapshot?force_refresh=true:0
[ 5291676ms] [ERROR] Failed to load resource: net::ERR_CONNECTION_REFUSED @ http://localhost:4181/api/live/matches/2026-033-netherlands-vs-sweden/snapshot?force_refresh=true:0
[ 5301681ms] [ERROR] Failed to load resource: net::ERR_CONNECTION_REFUSED @ http://localhost:4181/api/live/matches/2026-033-netherlands-vs-sweden/snapshot?force_refresh=true:0
